instance,threads,cores,molecule,method,seconds,mb
c5a.large,1,1,benzene,HF,3.991608142852783,262.66796875
c5a.large,1,1,benzene,PBE,11.327897787094116,598.3984375
c5a.large,1,1,benzene,CCSD,62.40262413024902,1447.62890625
c5a.large,1,1,naphthalene,HF,18.60772728919983,1116.140625
c5a.large,1,1,naphthalene,PBE,33.8845431804657,1651.640625
c5a.large,1,1,anthracene,HF,53.91388273239136,3628.35546875
c5a.large,2,1,benzene,HF,2.3840339183807373,263.30859375
c5a.large,2,1,benzene,PBE,8.81549072265625,601.234375
c5a.large,2,1,benzene,CCSD,59.51711344718933,1508.2421875
c5a.large,2,1,naphthalene,HF,13.171180725097656,1120.6171875
c5a.large,2,1,naphthalene,PBE,27.090689420700073,1658.30078125
c5a.large,2,1,anthracene,HF,39.4347186088562,3639.390625
c5a.xlarge,1,1,benzene,HF,1.5094599723815918,263.1640625
c5a.xlarge,1,1,benzene,PBE,5.497555494308472,601.375
c5a.xlarge,1,1,benzene,CCSD,35.849292278289795,1508.04296875
c5a.xlarge,1,1,naphthalene,HF,8.46778392791748,1120.734375
c5a.xlarge,1,1,naphthalene,PBE,16.297229766845703,1658.859375
c5a.xlarge,1,1,naphthalene,CCSD,467.8650977611542,3734.1171875
c5a.xlarge,1,1,anthracene,HF,25.220306158065796,3643.9375
c5a.xlarge,1,1,anthracene,PBE,39.8021719455719,3831.79296875
c5ad.xlarge,1,2,benzene,HF,1.5102336406707764,263.3828125
c5ad.xlarge,1,2,benzene,PBE,5.487548828125,601.29296875
c5ad.xlarge,1,2,benzene,CCSD,35.740761518478394,1508.34375
c5ad.xlarge,1,2,naphthalene,HF,8.480044603347778,1120.59375
c5ad.xlarge,1,2,naphthalene,PBE,16.240203142166138,1658.10546875
c5ad.xlarge,1,2,naphthalene,CCSD,486.1229875087738,3734.14453125
c5ad.xlarge,1,2,anthracene,HF,25.229703903198242,3643.8046875
c5ad.xlarge,1,2,anthracene,PBE,39.61976599693298,3832.28125
c5ad.4xlarge,1,8,benzene,HF,0.43184757232666016,275.26171875
c5ad.4xlarge,1,8,benzene,PBE,2.722801923751831,616.67578125
c5ad.4xlarge,1,8,benzene,CCSD,21.085783004760742,3255.23046875
c5ad.4xlarge,1,8,naphthalene,HF,2.2319140434265137,1154.19921875
c5ad.4xlarge,1,8,naphthalene,PBE,6.51935076713562,1697.875
c5ad.4xlarge,1,8,naphthalene,CCSD,204.80131649971008,3809.97265625
c5ad.4xlarge,1,8,anthracene,HF,6.6260085105896,3703.95703125
c5ad.4xlarge,1,8,anthracene,PBE,50.334373474121094,893.796875
c5ad.8xlarge,2,16,benzene,HF,0.2357170581817627,306.75
c5ad.8xlarge,2,16,benzene,PBE,3.0655362606048584,666.75390625
c5ad.8xlarge,2,16,benzene,CCSD,18.511282205581665,3484.65234375
c5ad.8xlarge,2,16,naphthalene,HF,0.9791357517242432,1266.46875
c5ad.8xlarge,2,16,naphthalene,PBE,6.067991733551025,1834.39453125
c5ad.8xlarge,2,16,naphthalene,CCSD,298.71493768692017,6721.484375
c5ad.8xlarge,2,16,anthracene,HF,2.670480966567993,3934.8515625
c5ad.8xlarge,2,16,anthracene,PBE,37.27474284172058,938.87890625
c5ad.4xlarge,2,8,benzene,HF,0.3594825267791748,290.87109375
c5ad.4xlarge,2,8,benzene,PBE,3.4362401962280273,636.2890625
c5ad.4xlarge,2,8,benzene,CCSD,20.55001664161682,3223.06640625
c5ad.4xlarge,2,8,naphthalene,HF,1.7382268905639648,1195.0859375
c5ad.4xlarge,2,8,naphthalene,PBE,7.644915342330933,1747.41796875
c5ad.4xlarge,2,8,naphthalene,CCSD,263.4931547641754,5589.86328125
c5ad.4xlarge,2,8,anthracene,HF,5.016883850097656,3786.18359375
c5ad.4xlarge,2,8,anthracene,PBE,47.87228202819824,908.82421875
c5ad.2xlarge,1,4,benzene,HF,0.8155786991119385,267.28515625
c5ad.2xlarge,1,4,benzene,PBE,3.5364716053009033,606.98046875
c5ad.2xlarge,1,4,benzene,CCSD,24.986186504364014,1847.765625
c5ad.2xlarge,1,4,naphthalene,HF,4.408042669296265,1132.05078125
c5ad.2xlarge,1,4,naphthalene,PBE,9.53733515739441,1671.671875
c5ad.2xlarge,1,4,naphthalene,CCSD,282.2805104255676,3811.9296875
c5ad.2xlarge,1,4,anthracene,HF,13.055643320083618,3663.16796875
c5ad.2xlarge,1,4,anthracene,PBE,22.954458713531494,3825.2734375
c5ad.8xlarge,1,16,benzene,HF,0.2588772773742676,289.11328125
c5ad.8xlarge,1,16,benzene,PBE,2.0872867107391357,635.47265625
c5ad.8xlarge,1,16,benzene,CCSD,17.42325258255005,3339.296875
c5ad.8xlarge,1,16,naphthalene,HF,1.2232708930969238,1194.03125
c5ad.8xlarge,1,16,naphthalene,PBE,4.490830421447754,1747.359375
c5ad.8xlarge,1,16,naphthalene,CCSD,209.08833765983582,4833.6015625
c5ad.8xlarge,1,16,anthracene,HF,3.4572067260742188,3787.53125
c5ad.8xlarge,1,16,anthracene,PBE,32.67610478401184,908.359375
c5ad.16xlarge,1,32,benzene,HF,0.17736196517944336,306.23828125
c5ad.16xlarge,1,32,benzene,PBE,1.7846674919128418,664.91796875
c5ad.16xlarge,1,32,benzene,CCSD,16.635823011398315,3544.37109375
c5ad.16xlarge,1,32,naphthalene,HF,0.7004532814025879,1261.66796875
c5ad.16xlarge,1,32,naphthalene,PBE,3.4762585163116455,1837.26953125
c5ad.16xlarge,1,32,naphthalene,CCSD,284.2801580429077,6718.9296875
c5ad.16xlarge,1,32,anthracene,HF,1.9046506881713867,3936.05859375
c5ad.16xlarge,1,32,anthracene,PBE,31.42202138900757,938.55078125
c5ad.2xlarge,2,4,benzene,HF,0.6302087306976318,276.22265625
c5ad.2xlarge,2,4,benzene,PBE,3.373289108276367,617.69921875
c5ad.2xlarge,2,4,benzene,CCSD,24.607184648513794,3226.0390625
c5ad.2xlarge,2,4,naphthalene,HF,3.2843031883239746,1154.44921875
c5ad.2xlarge,2,4,naphthalene,PBE,8.814614295959473,1697.12890625
c5ad.2xlarge,2,4,naphthalene,CCSD,279.2347676753998,3826.19140625
c5ad.2xlarge,2,4,anthracene,HF,9.583765745162964,3704.0234375
c5ad.2xlarge,2,4,anthracene,PBE,72.13934350013733,893.60546875
c5ad.xlarge,2,2,benzene,HF,1.1727714538574219,267.75390625
c5ad.xlarge,2,2,benzene,PBE,4.780557870864868,606.81640625
c5ad.xlarge,2,2,benzene,CCSD,35.11230492591858,1643.67578125
c5ad.xlarge,2,2,naphthalene,HF,6.386745929718018,1132.34375
c5ad.xlarge,2,2,naphthalene,PBE,13.878971576690674,1671.6796875
c5ad.xlarge,2,2,naphthalene,CCSD,464.8455355167389,3809.3828125
c5ad.xlarge,2,2,anthracene,HF,18.804145336151123,3663.25390625
c5ad.xlarge,2,2,anthracene,PBE,34.18906831741333,3825.0390625
c5ad.large,1,1,benzene,HF,3.11655330657959,262.6640625
c5ad.large,1,1,benzene,PBE,10.52241587638855,598.36328125
c5ad.large,1,1,benzene,CCSD,62.970624685287476,1447.3046875
c5ad.large,1,1,naphthalene,HF,17.752824068069458,1115.796875
c5ad.large,1,1,naphthalene,PBE,32.54962134361267,1651.64453125
c5ad.large,1,1,anthracene,HF,53.21391034126282,3628.6796875
c5ad.large,2,1,benzene,HF,2.363166093826294,263.30859375
c5ad.large,2,1,benzene,PBE,8.566922903060913,601.6171875
c5ad.large,2,1,benzene,CCSD,56.95411801338196,1507.875
c5ad.large,2,1,naphthalene,HF,13.076940059661865,1120.87890625
c5ad.large,2,1,naphthalene,PBE,26.66516423225403,1658.51171875
c5ad.large,2,1,anthracene,HF,38.98589539527893,3636.96875