converged SCF energy = -870.666901560603
converged SCF energy = -874.855267313433
converged SCF energy = -874.890063565379
converged SCF energy = -875.221765110598
converged SCF energy = -875.378196696867
converged SCF energy = -872.392554061216
E(RCCSD) = -873.8439045950173  E_corr = -1.45135053380199
SVWN PBE 0.004267024449301285
SVWN PBE0 0.007119343949485016
SVWN B3LYP 0.007407780563270063
SVWN SCAN 0.007017372151873202
SVWN HF 0.020045870928082
SVWN CCSD 0.009599205659830893
PBE PBE0 0.004524651520544513
PBE B3LYP 0.004182012242448215
PBE SCAN 0.003979432420752035
PBE HF 0.017891327954745018
PBE CCSD 0.007891489111396035
PBE0 B3LYP 0.0034120174395616786
PBE0 SCAN 0.0025033746057585384
PBE0 HF 0.013614901913604507
PBE0 CCSD 0.00549674301002016
B3LYP SCAN 0.003232977514494456
B3LYP HF 0.014713519503235472
B3LYP CCSD 0.0064655284344878805
SCAN HF 0.014408578865663867
SCAN CCSD 0.005675166526831429
HF CCSD 0.012218891738544891
converged SCF energy = -3258.24628538385
converged SCF energy = -3265.82945007458
converged SCF energy = -3265.68416049543
converged SCF energy = -3266.29529604433
converged SCF energy = -3266.86981839663
converged SCF energy = -3260.73960541733
E(RCCSD) = -3262.840787036372  E_corr = -2.101181619044064
SVWN PBE 0.0028863286116719094
SVWN PBE0 0.0055532414843753545
SVWN B3LYP 0.0056260798939828036
SVWN SCAN 0.004797905403016204
SVWN HF 0.017435468265741078
SVWN CCSD 0.0077640096376182565
PBE PBE0 0.00412548341475579
PBE B3LYP 0.003758360382174848
PBE SCAN 0.002970974991201153
PBE HF 0.016264501623277357
PBE CCSD 0.0071375510813522
PBE0 B3LYP 0.002735865031462902
PBE0 SCAN 0.0023312218240993266
PBE0 HF 0.012276016126472597
PBE0 CCSD 0.004707959194510623
B3LYP SCAN 0.0021071475280301667
B3LYP HF 0.013196925041486991
B3LYP CCSD 0.0061117979251385825
SCAN HF 0.013770924620428348
SCAN CCSD 0.005661282120840843
HF CCSD 0.011465769985550324
converged SCF energy = -1037.18921758269
converged SCF energy = -1042.33728322628
converged SCF energy = -1042.35340373577
converged SCF energy = -1042.77121071588
converged SCF energy = -1042.96261096887
converged SCF energy = -1039.16182478208
E(RCCSD) = -1041.058780478238  E_corr = -1.896955696162443
SVWN PBE 0.004266329039609087
SVWN PBE0 0.007227174186994641
SVWN B3LYP 0.007679383911505048
SVWN SCAN 0.006821329507040436
SVWN HF 0.020296293786395518
SVWN CCSD 0.009652634584464208
PBE PBE0 0.00469905812731913
PBE B3LYP 0.004344220629670806
PBE SCAN 0.003825742736857495
PBE HF 0.018133801499332098
PBE CCSD 0.00800878424086175
PBE0 B3LYP 0.0036442795943419444
PBE0 SCAN 0.0025615712220852906
PBE0 HF 0.013668840129658312
PBE0 CCSD 0.005370277089095923
B3LYP SCAN 0.0031198872749855044
B3LYP HF 0.01483734917916004
B3LYP CCSD 0.006810281288312229
SCAN HF 0.014803300102629017
SCAN CCSD 0.005897736366659264
HF CCSD 0.012431463873690218
converged SCF energy = -2941.82910265008
converged SCF energy = -2947.72549774881
converged SCF energy = -2947.65992229049
converged SCF energy = -2948.08897851487
converged SCF energy = -2948.62181825271
converged SCF energy = -2943.8881041525
E(RCCSD) = -2945.262470243649  E_corr = -1.3743660911475
SVWN PBE 0.0034157645989103124
SVWN PBE0 0.005710934945940725
SVWN B3LYP 0.005416495177949985
SVWN SCAN 0.0053019769448328724
SVWN HF 0.016305769165702557
SVWN CCSD 0.00830212259326513
PBE PBE0 0.0039507763771779
PBE B3LYP 0.003164165538888415
PBE SCAN 0.003181775734231326
PBE HF 0.014931884303006878
PBE CCSD 0.006901879005182595
PBE0 B3LYP 0.0030060381662794025
PBE0 SCAN 0.0020463380834623984
PBE0 HF 0.011147680130454916
PBE0 CCSD 0.00481361225793248
B3LYP SCAN 0.002710273679331329
B3LYP HF 0.012699917195366527
B3LYP CCSD 0.0058447374769771835
SCAN HF 0.012380618844760624
SCAN CCSD 0.005440783958573744
HF CCSD 0.009711198641929587
converged SCF energy = -923.176854902531
converged SCF energy = -927.718529311317
converged SCF energy = -927.736228115072
converged SCF energy = -928.1085709196
converged SCF energy = -928.262765797705
converged SCF energy = -925.056728070686
E(RCCSD) = -926.624655012272  E_corr = -1.567926941584426
SVWN PBE 0.0032933916559039446
SVWN PBE0 0.006261445278747783
SVWN B3LYP 0.006111658220500001
SVWN SCAN 0.005694392168137849
SVWN HF 0.01990102720473311
SVWN CCSD 0.008461035583985851
PBE PBE0 0.004698412740601592
PBE B3LYP 0.004192518693009148
PBE SCAN 0.003709941542558026
PBE HF 0.01881502878519261
PBE CCSD 0.007761191216316397
PBE0 B3LYP 0.0030061886070751748
PBE0 SCAN 0.002541594274838268
PBE0 HF 0.014256424608148747
PBE0 CCSD 0.0051062137977884985
B3LYP SCAN 0.0030402740408307354
B3LYP HF 0.015430493032253948
B3LYP CCSD 0.006209101856930473
SCAN HF 0.015603359998013122
SCAN CCSD 0.005566343055704277
HF CCSD 0.013160606982782668
converged SCF energy = -2945.97476771622
converged SCF energy = -2951.7332992108
converged SCF energy = -2951.65950138692
converged SCF energy = -2952.08007718337
converged SCF energy = -2952.61870610008
converged SCF energy = -2947.90344300896
E(RCCSD) = -2949.2551133006  E_corr = -1.351670291641513
SVWN PBE 0.004025432405350933
SVWN PBE0 0.006316209790651593
SVWN B3LYP 0.006694762518268884
SVWN SCAN 0.006209104117743445
SVWN HF 0.01631437014211996
SVWN CCSD 0.009023196694586386
PBE PBE0 0.0036536490621763215
PBE B3LYP 0.0032923185075304853
PBE SCAN 0.003171125839083983
PBE HF 0.013893075381075863
PBE CCSD 0.006923239667823025
PBE0 B3LYP 0.0031464426946794266
PBE0 SCAN 0.002033329860207858
PBE0 HF 0.010506461439210283
PBE0 CCSD 0.005037835915495156
B3LYP SCAN 0.0025028987160990107
B3LYP HF 0.011634751950480197
B3LYP CCSD 0.006028865253565313
SCAN HF 0.011251626080596395
SCAN CCSD 0.0054521851287815245
HF CCSD 0.00909502679711101
converged SCF energy = -417.923831383116
converged SCF energy = -420.847787092147
converged SCF energy = -420.878890818245
converged SCF energy = -421.109415855121
converged SCF energy = -421.184306268109
converged SCF energy = -418.934946939843
E(RCCSD) = -420.2349960011195  E_corr = -1.300049061276802
SVWN PBE 0.005907237426351324
SVWN PBE0 0.008851289738183233
SVWN B3LYP 0.009331836953145775
SVWN SCAN 0.009038135578881949
SVWN HF 0.021909966558595267
SVWN CCSD 0.011512404554062107
PBE PBE0 0.005132634055621785
PBE B3LYP 0.004508948834158782
PBE SCAN 0.004691880922234328
PBE HF 0.018677163324432745
PBE CCSD 0.008518702185734335
PBE0 B3LYP 0.004352709965136354
PBE0 SCAN 0.0024988162620147173
PBE0 HF 0.013850117286677932
PBE0 CCSD 0.006226606356464046
B3LYP SCAN 0.0038370465375154724
B3LYP HF 0.015465404455308796
B3LYP CCSD 0.007042116366577376
SCAN HF 0.014628398129966632
SCAN CCSD 0.006369630635980525
HF CCSD 0.012496202163868543
converged SCF energy = -513.555020822213
converged SCF energy = -517.007202986261
converged SCF energy = -517.022931540156
converged SCF energy = -517.303155864707
converged SCF energy = -517.397263493105
converged SCF energy = -514.683186265931
E(RCCSD) = -516.233489873644  E_corr = -1.550303607711558
SVWN PBE 0.006040234992069522
SVWN PBE0 0.009054632809954178
SVWN B3LYP 0.009934943424520412
SVWN SCAN 0.009257953911954647
SVWN HF 0.022364360964567214
SVWN CCSD 0.011698933946897997
PBE PBE0 0.004989484948067501
PBE B3LYP 0.004714683637651895
PBE SCAN 0.004546328532594399
PBE HF 0.018704428014099304
PBE CCSD 0.008600901525939226
PBE0 B3LYP 0.004289027537329844
PBE0 SCAN 0.0025695434428608306
PBE0 HF 0.014057466900793415
PBE0 CCSD 0.006208693741607726
B3LYP SCAN 0.0035340263584847866
B3LYP HF 0.015224070737338107
B3LYP CCSD 0.00718582531542657
SCAN HF 0.014717175128687969
SCAN CCSD 0.006402470695146913
HF CCSD 0.012687417283809378
converged SCF energy = -2870.92233696899
converged SCF energy = -2876.3850418457
converged SCF energy = -2876.3250613032
converged SCF energy = -2876.71625703265
converged SCF energy = -2877.2323770897
converged SCF energy = -2872.85413080178
E(RCCSD) = -2874.033847340582  E_corr = -1.179716538798209
SVWN PBE 0.0036475751475816805
SVWN PBE0 0.00586424523249333
SVWN B3LYP 0.005832373774176168
SVWN SCAN 0.005814639699452809
SVWN HF 0.016253747549671523
SVWN CCSD 0.008415260308485613
PBE PBE0 0.003604465870734676
PBE B3LYP 0.003175954908193322
PBE SCAN 0.003188829796267558
PBE HF 0.014317099050662663
PBE CCSD 0.006665916887206033
PBE0 B3LYP 0.0028406909186692937
PBE0 SCAN 0.0019021343781407743
PBE0 HF 0.010940267413855457
PBE0 CCSD 0.004870212295763118
B3LYP SCAN 0.0026204595125008437
B3LYP HF 0.0120572487604729
B3LYP CCSD 0.005477456165011215
SCAN HF 0.011649893220899606
SCAN CCSD 0.005049447077682847
HF CCSD 0.009548349410257312
converged SCF energy = -631.031524417578
converged SCF energy = -633.670912462091
converged SCF energy = -633.741681416064
converged SCF energy = -633.925905578986
converged SCF energy = -634.054075671971
converged SCF energy = -632.22556350938
E(RCCSD) = -633.0425046291485  E_corr = -0.8169411197689815
SVWN PBE 0.006084174449718072
SVWN PBE0 0.008514872597836816
SVWN B3LYP 0.00932569803880391
SVWN SCAN 0.009334935075147108
SVWN HF 0.018924692401337043
SVWN CCSD 0.011893392298027992
PBE PBE0 0.004012093804374118
PBE B3LYP 0.0036232238432584067
PBE SCAN 0.004411067491729525
PBE HF 0.014800150719682006
PBE CCSD 0.007929018010769171
PBE0 B3LYP 0.004084614266655296
PBE0 SCAN 0.0021745982040216024
PBE0 HF 0.011239260943573054
PBE0 CCSD 0.0062116969158556865
B3LYP SCAN 0.003727672263771482
B3LYP HF 0.012645135712810963
B3LYP CCSD 0.006693070790003409
SCAN HF 0.010849705798493498
SCAN CCSD 0.0055615185653543385
HF CCSD 0.008821183934508089
converged SCF energy = -287.496340033696
converged SCF energy = -289.439346745578
converged SCF energy = -289.466500655538
converged SCF energy = -289.621817165102
converged SCF energy = -289.67188281403
converged SCF energy = -288.16162480095
E(RCCSD) = -289.0304942265654  E_corr = -0.8688694256148242
SVWN PBE 0.006453113257109162
SVWN PBE0 0.009310652928791768
SVWN B3LYP 0.009906544191140221
SVWN SCAN 0.009834778201023967
SVWN HF 0.021223427188081304
SVWN CCSD 0.012395684308532169
PBE PBE0 0.005048433236452661
PBE B3LYP 0.004183851681083054
PBE SCAN 0.0049699184900615315
PBE HF 0.017370459989966468
PBE CCSD 0.008702412420310678
PBE0 B3LYP 0.004456209004942562
PBE0 SCAN 0.0024270130372598497
PBE0 HF 0.012641333515602274
PBE0 CCSD 0.006581598566609614
B3LYP SCAN 0.0036016880263544573
B3LYP HF 0.014619087651740517
B3LYP CCSD 0.007499865168819466
SCAN HF 0.013129315095336762
SCAN CCSD 0.006666783133547133
HF CCSD 0.01105333039900691
converged SCF energy = -638.730097559521
converged SCF energy = -642.811199480788
converged SCF energy = -642.778774292634
converged SCF energy = -643.141890481258
converged SCF energy = -643.239452103013
converged SCF energy = -640.061175339186
E(RCCSD) = -641.8308429364724  E_corr = -1.769667597285625
SVWN PBE 0.0040916842941055125
SVWN PBE0 0.007391559080975039
SVWN B3LYP 0.007561215935676213
SVWN SCAN 0.0067742989739577476
SVWN HF 0.021568412484612026
SVWN CCSD 0.009642922848762333
PBE PBE0 0.005201715628099561
PBE B3LYP 0.004655843566410237
PBE SCAN 0.003971232692803302
PBE HF 0.019804014890647176
PBE CCSD 0.008467806802329806
PBE0 B3LYP 0.003468264485032099
PBE0 SCAN 0.002748298205974984
PBE0 HF 0.014744720443948228
PBE0 CCSD 0.005604597358183532
B3LYP SCAN 0.002717242273019977
B3LYP HF 0.015998043127734365
B3LYP CCSD 0.007081268479408313
SCAN HF 0.016395867655465957
SCAN CCSD 0.006501248981829171
HF CCSD 0.013926651921334758
converged SCF energy = -1089.72154202876
converged SCF energy = -1095.22269841357
converged SCF energy = -1095.21975939911
converged SCF energy = -1095.67876667951
converged SCF energy = -1095.86902303548
converged SCF energy = -1091.84246084607
E(RCCSD) = -1093.857504297567  E_corr = -2.015043451495278
SVWN PBE 0.003478310289846121
SVWN PBE0 0.006588679239518398
SVWN B3LYP 0.006590563455068712
SVWN SCAN 0.005798859152820942
SVWN HF 0.02025925575965494
SVWN CCSD 0.008840504858228513
PBE PBE0 0.004921907673771552
PBE B3LYP 0.004379166615861364
PBE SCAN 0.0036647801904029567
PBE HF 0.019057561126422724
PBE CCSD 0.00803696750353427
PBE0 B3LYP 0.0032817375118015632
PBE0 SCAN 0.0026411948428425175
PBE0 HF 0.014282408950819557
PBE0 CCSD 0.0051024821102542625
B3LYP SCAN 0.0029872863486212937
B3LYP HF 0.015549752142365566
B3LYP CCSD 0.0066316069319206595
SCAN HF 0.015898743125290975
SCAN CCSD 0.005935928361489995
HF CCSD 0.01315832404010971
converged SCF energy = -2961.93979568246
converged SCF energy = -2967.75888837079
converged SCF energy = -2967.67813668272
converged SCF energy = -2968.10928853095
converged SCF energy = -2968.6480606297
converged SCF energy = -2963.88936401181
E(RCCSD) = -2965.257605006263  E_corr = -1.368240994457267
SVWN PBE 0.0036439093141444486
SVWN PBE0 0.005977749764147436
SVWN B3LYP 0.006146482032611751
SVWN SCAN 0.005645666797767524
SVWN HF 0.01593868696774307
SVWN CCSD 0.00863584673976615
PBE PBE0 0.0037773838320466252
PBE B3LYP 0.003208470428101752
PBE SCAN 0.0031245535682629102
PBE HF 0.013991496620928051
PBE CCSD 0.0068913492000382956
PBE0 B3LYP 0.0030768910119052936
PBE0 SCAN 0.002082937966883388
PBE0 HF 0.010418802764484604
PBE0 CCSD 0.004902281288017892
B3LYP SCAN 0.002440967776210923
B3LYP HF 0.011775785027537337
B3LYP CCSD 0.006071299540545736
SCAN HF 0.011454470060503636
SCAN CCSD 0.00555991235594065
HF CCSD 0.009126061267692168
converged SCF energy = -545.517507868424
converged SCF energy = -549.089491115993
converged SCF energy = -549.092739829735
converged SCF energy = -549.392777277911
converged SCF energy = -549.488065630859
converged SCF energy = -546.689299756042
E(RCCSD) = -548.270801348705  E_corr = -1.581501592661909
SVWN PBE 0.005006624350144124
SVWN PBE0 0.008143657224565667
SVWN B3LYP 0.008459413039841194
SVWN SCAN 0.007743658984786429
SVWN HF 0.021313788701089353
SVWN CCSD 0.010738613087458583
PBE PBE0 0.005269006996310765
PBE B3LYP 0.004489164397386256
PBE SCAN 0.004279074376334036
PBE HF 0.01891306169723598
PBE CCSD 0.008631688445905523
PBE0 B3LYP 0.0040474838468049145
PBE0 SCAN 0.0025807509043941634
PBE0 HF 0.013850788888771795
PBE0 CCSD 0.005868924920116127
B3LYP SCAN 0.003275702391131661
B3LYP HF 0.015626699447943322
B3LYP CCSD 0.007368864316851964
SCAN HF 0.015284730497220456
SCAN CCSD 0.006626741699515602
HF CCSD 0.012702500788195433
converged SCF energy = -631.029987087981
converged SCF energy = -633.669772723272
converged SCF energy = -633.74082590707
converged SCF energy = -633.925133705677
converged SCF energy = -634.053308823369
converged SCF energy = -632.225772183143
E(RCCSD) = -633.0425085715842  E_corr = -0.8167363884413994
SVWN PBE 0.006094073991418816
SVWN PBE0 0.00854163909020525
SVWN B3LYP 0.009330332341190122
SVWN SCAN 0.00941196371619258
SVWN HF 0.01902438855739636
SVWN CCSD 0.011886975763550047
PBE PBE0 0.004022390051153802
PBE B3LYP 0.003630799350189182
PBE SCAN 0.004501094502901183
PBE HF 0.01485563424511882
PBE CCSD 0.007909735180094666
PBE0 B3LYP 0.004089022805604794
PBE0 SCAN 0.0022294841123864256
PBE0 HF 0.011264122096521301
PBE0 CCSD 0.006200023013997522
B3LYP SCAN 0.0037921948372259375
B3LYP HF 0.012693080652152085
B3LYP CCSD 0.006695472944563046
SCAN HF 0.010876760276610524
SCAN CCSD 0.005583997234972375
HF CCSD 0.008903832195795568
converged SCF energy = -677.6868384364
converged SCF energy = -682.081398409655
converged SCF energy = -682.059123791079
converged SCF energy = -682.439860359533
converged SCF energy = -682.551328193416
converged SCF energy = -679.11159922064
E(RCCSD) = -681.0424928348878  E_corr = -1.930893614247529
SVWN PBE 0.004657333248943531
SVWN PBE0 0.007848953596626348
SVWN B3LYP 0.008271850540609789
SVWN SCAN 0.007414517544391443
SVWN HF 0.021839225629780017
SVWN CCSD 0.010134129099387735
PBE PBE0 0.005125697224952331
PBE B3LYP 0.004702198135735854
PBE SCAN 0.004080095420950751
PBE HF 0.019553164340463215
PBE CCSD 0.00844117110706406
PBE0 B3LYP 0.003737304799169182
PBE0 SCAN 0.002690493639776016
PBE0 HF 0.014629169418005445
PBE0 CCSD 0.0057179829812858485
B3LYP SCAN 0.0030228424030787795
B3LYP HF 0.015807375422400627
B3LYP CCSD 0.007072601407484655
SCAN HF 0.016014319959963254
SCAN CCSD 0.00639607102870651
HF CCSD 0.013692951900977279
converged SCF energy = -925.584932684245
converged SCF energy = -930.145728678164
converged SCF energy = -930.184366815351
converged SCF energy = -930.542708624482
converged SCF energy = -930.714256443743
converged SCF energy = -927.422797724667
E(RCCSD) = -929.0534550454112  E_corr = -1.630657320745265
SVWN PBE 0.004423557020653568
SVWN PBE0 0.007205477670585378
SVWN B3LYP 0.007559322131255239
SVWN SCAN 0.007057608482621067
SVWN HF 0.020005438785048995
SVWN CCSD 0.009608193712334095
PBE PBE0 0.004608703558852617
PBE B3LYP 0.004164372317585713
PBE SCAN 0.004019169227315572
PBE HF 0.017832151476487448
PBE CCSD 0.007812250144902397
PBE0 B3LYP 0.003693651858907727
PBE0 SCAN 0.0024802568552110805
PBE0 HF 0.013465757773586657
PBE0 CCSD 0.0054431982595953676
B3LYP SCAN 0.003390677498271459
B3LYP HF 0.014766110575382517
B3LYP CCSD 0.006622958401345147
SCAN HF 0.014361125926387936
SCAN CCSD 0.005686274515710038
HF CCSD 0.012209138794242212
converged SCF energy = -2850.34079175268
converged SCF energy = -2855.57190188022
converged SCF energy = -2855.51384010802
converged SCF energy = -2855.88553019703
converged SCF energy = -2856.40415287044
converged SCF energy = -2852.15557902352
E(RCCSD) = -2853.256254981635  E_corr = -1.100675958119749
SVWN PBE 0.003705205714195845
SVWN PBE0 0.005873378212372045
SVWN B3LYP 0.005770182839641276
SVWN SCAN 0.005704193247412295
SVWN HF 0.015301745005088251
SVWN CCSD 0.008647425465683062
PBE PBE0 0.003604708315425081
PBE B3LYP 0.0028073730708053075
PBE SCAN 0.00313011206483741
PBE HF 0.01332035270779586
PBE CCSD 0.00665974264398178
PBE0 B3LYP 0.003003943869969855
PBE0 SCAN 0.0018600444280466243
PBE0 HF 0.009914250964301315
PBE0 CCSD 0.0049088089935904865
B3LYP SCAN 0.002583215857578588
B3LYP HF 0.011500471655140641
B3LYP CCSD 0.005813314483892657
SCAN HF 0.010761828234039341
SCAN CCSD 0.0052963458556127465
HF CCSD 0.00845352262583074
converged SCF energy = -850.525046193955
converged SCF energy = -854.790129602195
converged SCF energy = -854.84099697693
converged SCF energy = -855.169823274692
converged SCF energy = -855.319716259369
converged SCF energy = -852.360485679674
E(RCCSD) = -853.823168030927  E_corr = -1.462682351251474
SVWN PBE 0.004029494961549674
SVWN PBE0 0.006811177334146449
SVWN B3LYP 0.006730631506845369
SVWN SCAN 0.006703111047815762
SVWN HF 0.020265133638301725
SVWN CCSD 0.009012386959480896
PBE PBE0 0.0046592360529085115
PBE B3LYP 0.004183559399643255
PBE SCAN 0.004101328374083488
PBE HF 0.018636565297128257
PBE CCSD 0.007630605379645305
PBE0 B3LYP 0.003403871189467473
PBE0 SCAN 0.0023710902106211843
PBE0 HF 0.014207736364295995
PBE0 CCSD 0.005231989248818603
B3LYP SCAN 0.003591547088084907
B3LYP HF 0.015473736157670986
B3LYP CCSD 0.006079861340441506
SCAN HF 0.015066675320007586
SCAN CCSD 0.005227124775106359
HF CCSD 0.012932536215634147
converged SCF energy = -873.054482807762
converged SCF energy = -877.261700438487
converged SCF energy = -877.315474127128
converged SCF energy = -877.6335599526
converged SCF energy = -877.806988888192
converged SCF energy = -874.730942466079
E(RCCSD) = -876.2502428346842  E_corr = -1.51930036860474
SVWN PBE 0.005417573650476712
SVWN PBE0 0.008123617750263858
SVWN B3LYP 0.008955369876323597
SVWN SCAN 0.008321917218858178
SVWN HF 0.02027466660595365
SVWN CCSD 0.010834673664828298
PBE PBE0 0.0044622673330550165
PBE B3LYP 0.004215668917856476
PBE SCAN 0.004192935974881371
PBE HF 0.01695239413742063
PBE CCSD 0.007975059376514035
PBE0 B3LYP 0.004115046206032289
PBE0 SCAN 0.002419647468674253
PBE0 HF 0.012857580668889049
PBE0 CCSD 0.005756090645670829
B3LYP SCAN 0.003613640380094817
B3LYP HF 0.014076169340171033
B3LYP CCSD 0.006857656764465872
SCAN HF 0.013272658790916925
SCAN CCSD 0.005708128713809146
HF CCSD 0.011216421998313008
converged SCF energy = -2781.83640211252
converged SCF energy = -2786.65432919991
converged SCF energy = -2786.61842562148
converged SCF energy = -2786.939759358
converged SCF energy = -2787.45968856541
converged SCF energy = -2783.47142710021
E(RCCSD) = -2784.443553239102  E_corr = -0.9721261388874288
SVWN PBE 0.005200653245293036
SVWN PBE0 0.007203906377090077
SVWN B3LYP 0.007815622625154726
SVWN SCAN 0.007702952896071808
SVWN HF 0.015854234029651415
SVWN CCSD 0.010321788791385723
PBE PBE0 0.003282194431023039
PBE B3LYP 0.002931411344930262
PBE SCAN 0.0034493191099010676
PBE HF 0.012108226823942499
PBE CCSD 0.006746172823453523
PBE0 B3LYP 0.0035382597227081197
PBE0 SCAN 0.0018049742556122265
PBE0 HF 0.00922137416582445
PBE0 CCSD 0.005356059897630819
B3LYP SCAN 0.002928902770813307
B3LYP HF 0.010461988079000232
B3LYP CCSD 0.005950270808354268
SCAN HF 0.00919939182027113
SCAN CCSD 0.005192919561919501
HF CCSD 0.007215257164645871
converged SCF energy = -1146.39130282248
converged SCF energy = -1152.11176809025
converged SCF energy = -1152.08525693136
converged SCF energy = -1152.57754486608
converged SCF energy = -1152.77085098565
converged SCF energy = -1148.54934384356
E(RCCSD) = -1150.650792907891  E_corr = -2.101449064336221
SVWN PBE 0.003249853499108119
SVWN PBE0 0.006387527753888993
SVWN B3LYP 0.006504314815285214
SVWN SCAN 0.005548523297309574
SVWN HF 0.02010400490129769
SVWN CCSD 0.008605420502279073
PBE PBE0 0.004765441654842635
PBE B3LYP 0.004378231659119409
PBE SCAN 0.003461754837072376
PBE HF 0.018857237794804027
PBE CCSD 0.007975185208225476
PBE0 B3LYP 0.00305037697031368
PBE0 SCAN 0.0027511699357824883
PBE0 HF 0.014231558951524443
PBE0 CCSD 0.00513349369753863
B3LYP SCAN 0.0026224339777107413
B3LYP HF 0.015228744972213736
B3LYP CCSD 0.006661292116190974
SCAN HF 0.015864965572871714
SCAN CCSD 0.005938766130999759
HF CCSD 0.013277204517102851
converged SCF energy = -677.674767168773
converged SCF energy = -682.069946276845
converged SCF energy = -682.04662480826
converged SCF energy = -682.426598944805
converged SCF energy = -682.538925121166
converged SCF energy = -679.096117584497
E(RCCSD) = -681.0297641330759  E_corr = -1.933646548577434
SVWN PBE 0.004665206130890184
SVWN PBE0 0.007843518962087626
SVWN B3LYP 0.008243641835882247
SVWN SCAN 0.007418230762079275
SVWN HF 0.021665538361663895
SVWN CCSD 0.010178881222732713
PBE PBE0 0.00512605933944694
PBE B3LYP 0.00461341542519489
PBE SCAN 0.004064676792484863
PBE HF 0.01936689777367493
PBE CCSD 0.008503087190726677
PBE0 B3LYP 0.0037502765123103065
PBE0 SCAN 0.0027691232726505953
PBE0 HF 0.014465698936110626
PBE0 CCSD 0.005742444853295691
B3LYP SCAN 0.0030529788298561504
B3LYP HF 0.01573247951685309
B3LYP CCSD 0.007127353429805641
SCAN HF 0.01583307926694946
SCAN CCSD 0.0064925230131758545
HF CCSD 0.01349248896322038
converged SCF energy = -615.062548658047
converged SCF energy = -617.64123346483
converged SCF energy = -617.719069485832
converged SCF energy = -617.893016069715
converged SCF energy = -618.020842296518
converged SCF energy = -616.236370514684
E(RCCSD) = -617.0363302613554  E_corr = -0.7999597466722597
SVWN PBE 0.006799269267673568
SVWN PBE0 0.009161038605891658
SVWN B3LYP 0.010357411504083506
SVWN SCAN 0.010481651043094863
SVWN HF 0.019641854712051838
SVWN CCSD 0.012576392561655084
PBE PBE0 0.003846718320797749
PBE B3LYP 0.003862318029075252
PBE SCAN 0.004699843896537583
PBE HF 0.014733469981025751
PBE CCSD 0.008041984775805205
PBE0 B3LYP 0.004262914986973099
PBE0 SCAN 0.002156493277947099
PBE0 HF 0.011481890422999597
PBE0 CCSD 0.006473075636040006
B3LYP SCAN 0.003956701758835567
B3LYP HF 0.012478958900946609
B3LYP CCSD 0.006633019201841303
SCAN HF 0.010492717549123362
SCAN CCSD 0.005472474728722219
HF CCSD 0.008799098278844621
converged SCF energy = -1073.7436929369
converged SCF energy = -1079.18499957938
converged SCF energy = -1079.19098802867
converged SCF energy = -1079.63931169685
converged SCF energy = -1079.82894292695
converged SCF energy = -1075.85134086009
E(RCCSD) = -1077.84768786988  E_corr = -1.99634700979172
SVWN PBE 0.0038473818622459864
SVWN PBE0 0.006878925190602923
SVWN B3LYP 0.007137228780175371
SVWN SCAN 0.00638415952229149
SVWN HF 0.020547613443703545
SVWN CCSD 0.00910993444440292
PBE PBE0 0.00476183139801922
PBE B3LYP 0.004439295790245049
PBE SCAN 0.0037982779735569214
PBE HF 0.018859776374042053
PBE CCSD 0.00796317314521512
PBE0 B3LYP 0.0034012443387854267
PBE0 SCAN 0.0026208885734873228
PBE0 HF 0.014295553818887731
PBE0 CCSD 0.005232530696215746
B3LYP SCAN 0.003099182789315889
B3LYP HF 0.015324329990308826
B3LYP CCSD 0.006584219072256847
SCAN HF 0.015549156555189418
SCAN CCSD 0.005822415822367317
HF CCSD 0.013164292634683588
converged SCF energy = -3165.02797429825
converged SCF energy = -3172.10200294616
converged SCF energy = -3171.99256094608
converged SCF energy = -3172.54118747679
converged SCF energy = -3173.11161085351
converged SCF energy = -3167.36368074352
E(RCCSD) = -3169.272630593684  E_corr = -1.908949850168628
SVWN PBE 0.003324914133351331
SVWN PBE0 0.005911457811969231
SVWN B3LYP 0.005911845552498633
SVWN SCAN 0.00525797802403765
SVWN HF 0.017042560814542904
SVWN CCSD 0.008332371587766276
PBE PBE0 0.004165625624152619
PBE B3LYP 0.0035296954599295565
PBE SCAN 0.0031155644037007715
PBE HF 0.015603123850640227
PBE CCSD 0.00718355899565713
PBE0 B3LYP 0.0030494638036804565
PBE0 SCAN 0.0022714699847713846
PBE0 HF 0.011592921435851188
PBE0 CCSD 0.004800018311070036
B3LYP SCAN 0.0024087996340057967
B3LYP HF 0.012967542327260002
B3LYP CCSD 0.006263751988256816
SCAN HF 0.013054563309379883
SCAN CCSD 0.005732542977634605
HF CCSD 0.010494897295575031
converged SCF energy = -2998.49944902352
converged SCF energy = -3004.61133251697
converged SCF energy = -3004.52167563134
converged SCF energy = -3004.98344963047
converged SCF energy = -3005.51952054287
converged SCF energy = -3000.58838232823
E(RCCSD) = -3002.051295347945  E_corr = -1.462913019712436
SVWN PBE 0.0031909015955689235
SVWN PBE0 0.005686595441276602
SVWN B3LYP 0.0055643283039275675
SVWN SCAN 0.0051727247974640055
SVWN HF 0.01652057051100887
SVWN CCSD 0.00819151192402129
PBE PBE0 0.00390736664252447
PBE B3LYP 0.003348344022427878
PBE SCAN 0.0030700170433975394
PBE HF 0.015032963025100378
PBE CCSD 0.006943917223698903
PBE0 B3LYP 0.0027924453097554597
PBE0 SCAN 0.002122350571903931
PBE0 HF 0.011280360072182069
PBE0 CCSD 0.004795303552255983
B3LYP SCAN 0.0023811122224157892
B3LYP HF 0.012508472335128282
B3LYP CCSD 0.005870035873711782
SCAN HF 0.012526054694636732
SCAN CCSD 0.0055096149007622
HF CCSD 0.010095628810144381
converged SCF energy = -2925.84130514136
converged SCF energy = -2931.67722997259
converged SCF energy = -2931.6199584373
converged SCF energy = -2932.03794883766
converged SCF energy = -2932.5696206341
converged SCF energy = -2927.8831244328
E(RCCSD) = -2929.242464175568  E_corr = -1.359339742764202
SVWN PBE 0.0037881373152445605
SVWN PBE0 0.0060797874414789295
SVWN B3LYP 0.006059360365049763
SVWN SCAN 0.00596228372405784
SVWN HF 0.016584163597985126
SVWN CCSD 0.00864060403809468
PBE PBE0 0.003800516127323579
PBE B3LYP 0.0032747375060002914
PBE SCAN 0.0032926642514910964
PBE HF 0.014651935937569235
PBE CCSD 0.00682360322178349
PBE0 B3LYP 0.0031166878725696024
PBE0 SCAN 0.001966829432664668
PBE0 HF 0.011076128534893918
PBE0 CCSD 0.004923409843908263
B3LYP SCAN 0.002834337282026294
B3LYP HF 0.012382049114617315
B3LYP CCSD 0.0057416494846879535
SCAN HF 0.011906279432425254
SCAN CCSD 0.0052043280140375995
HF CCSD 0.009693806819944558
converged SCF energy = -545.516342333065
converged SCF energy = -549.087457012998
converged SCF energy = -549.091477099328
converged SCF energy = -549.391271851869
converged SCF energy = -549.486060502311
converged SCF energy = -546.689003225708
E(RCCSD) = -548.2699547948138  E_corr = -1.580951569105303
SVWN PBE 0.005015333154947535
SVWN PBE0 0.008105429365658416
SVWN B3LYP 0.008441884085207432
SVWN SCAN 0.007740097726531503
SVWN HF 0.021202185703413153
SVWN CCSD 0.010589912135524276
PBE PBE0 0.005255123157442738
PBE B3LYP 0.004460282341496118
PBE SCAN 0.004318257261431972
PBE HF 0.018830565846216684
PBE CCSD 0.008498108236778773
PBE0 B3LYP 0.004085865621227069
PBE0 SCAN 0.0025614305448565565
PBE0 HF 0.013787575131483808
PBE0 CCSD 0.00578633341353563
B3LYP SCAN 0.003279425547813222
B3LYP HF 0.015600584961374571
B3LYP CCSD 0.0073328474220277435
SCAN HF 0.015173595539949217
SCAN CCSD 0.006514701257701922
HF CCSD 0.012737604857513863
converged SCF energy = -2925.83576630993
converged SCF energy = -2931.67281741591
converged SCF energy = -2931.61616594327
converged SCF energy = -2932.03435263604
converged SCF energy = -2932.56550454779
converged SCF energy = -2927.88121235252
E(RCCSD) = -2929.239555759194  E_corr = -1.358343406673217
SVWN PBE 0.0037982333541547986
SVWN PBE0 0.006053876470415725
SVWN B3LYP 0.006035693741147165
SVWN SCAN 0.005930093799510461
SVWN HF 0.016510008592712632
SVWN CCSD 0.008569134313123568
PBE PBE0 0.003798010617065069
PBE B3LYP 0.003243976434994588
PBE SCAN 0.003285224862777574
PBE HF 0.014588577668938226
PBE CCSD 0.00676805651374936
PBE0 B3LYP 0.0031127502075707528
PBE0 SCAN 0.001956742796003005
PBE0 HF 0.011020367680596378
PBE0 CCSD 0.004921682776940428
B3LYP SCAN 0.002808637556585873
B3LYP HF 0.012373952199715616
B3LYP CCSD 0.005755520045679098
SCAN HF 0.01186021035341526
SCAN CCSD 0.005206472983060184
HF CCSD 0.009723538185548166
converged SCF energy = -378.971176125402
converged SCF energy = -381.581608994448
converged SCF energy = -381.602966060409
converged SCF energy = -381.816043958528
converged SCF energy = -381.877103067423
converged SCF energy = -379.889736083451
E(RCCSD) = -381.0286583430517  E_corr = -1.138922259600736
SVWN PBE 0.005284778614779597
SVWN PBE0 0.008320986384644138
SVWN B3LYP 0.0084378278795395
SVWN SCAN 0.008333758928511422
SVWN HF 0.021459575238735876
SVWN CCSD 0.010951381040962965
PBE PBE0 0.005237958574581947
PBE B3LYP 0.0043623104405666946
PBE SCAN 0.0046322638455033194
PBE HF 0.018867188949103518
PBE CCSD 0.008491176364560536
PBE0 B3LYP 0.004013841327641589
PBE0 SCAN 0.002508602334454104
PBE0 HF 0.013861000724845451
PBE0 CCSD 0.006128624648601885
B3LYP SCAN 0.003470328153687135
B3LYP HF 0.015708239651450403
B3LYP CCSD 0.007037514218453384
SCAN HF 0.014908935507904312
SCAN CCSD 0.006421491102537273
HF CCSD 0.012695541552305853
converged SCF energy = -381.376167898631
converged SCF energy = -384.006966320234
converged SCF energy = -384.046857733004
converged SCF energy = -384.247335227616
converged SCF energy = -384.324314999274
converged SCF energy = -382.247479574658
E(RCCSD) = -383.4541316306551  E_corr = -1.206652055996905
SVWN PBE 0.006782190715318558
SVWN PBE0 0.009640305133450938
SVWN B3LYP 0.010432292920605353
SVWN SCAN 0.010060936084287694
SVWN HF 0.02167845279873085
SVWN CCSD 0.012629025499599038
PBE PBE0 0.005093358620135071
PBE B3LYP 0.004320718743411838
PBE SCAN 0.004890320666222785
PBE HF 0.017547678373802215
PBE CCSD 0.00865813552489568
PBE0 B3LYP 0.004841507348812994
PBE0 SCAN 0.0024258818180399612
PBE0 HF 0.012840671105147413
PBE0 CCSD 0.006419370571056871
B3LYP SCAN 0.003965627157935599
B3LYP HF 0.014792869636210584
B3LYP CCSD 0.00752273254084071
SCAN HF 0.013322791598412402
SCAN CCSD 0.006411052969365509
HF CCSD 0.011137959110965804
converged SCF energy = -566.09335226117
converged SCF energy = -569.897668118415
converged SCF energy = -569.897723152031
converged SCF energy = -570.21767821047
converged SCF energy = -570.310067398511
converged SCF energy = -567.378185923836
E(RCCSD) = -569.0418761989802  E_corr = -1.66369027514467
SVWN PBE 0.00485082199795593
SVWN PBE0 0.008023772282589664
SVWN B3LYP 0.008323832494268709
SVWN SCAN 0.007783368405184553
SVWN HF 0.022060425412715853
SVWN CCSD 0.010304334192314118
PBE PBE0 0.005192050151996853
PBE B3LYP 0.004666509899801085
PBE SCAN 0.004329285565559201
PBE HF 0.01969895112430241
PBE CCSD 0.008428180444041412
PBE0 B3LYP 0.003825827282589986
PBE0 SCAN 0.002604936921009411
PBE0 HF 0.014747892984383004
PBE0 CCSD 0.005764516952277621
B3LYP SCAN 0.0032796652007883636
B3LYP HF 0.016068066997319677
B3LYP CCSD 0.006951858835189126
SCAN HF 0.015924988642449428
SCAN CCSD 0.00625588367784242
HF CCSD 0.013726175803371607
converged SCF energy = -998.239592073744
converged SCF energy = -1003.07834884546
converged SCF energy = -1003.08284103993
converged SCF energy = -1003.48515063385
converged SCF energy = -1003.66153392751
converged SCF energy = -1000.12183439456
E(RCCSD) = -1001.857838696893  E_corr = -1.736004302329866
SVWN PBE 0.0036908424633662036
SVWN PBE0 0.0067202158979417365
SVWN B3LYP 0.006857206873995848
SVWN SCAN 0.006100491280537506
SVWN HF 0.019732546595972834
SVWN CCSD 0.009258178110705187
PBE PBE0 0.004736933362030189
PBE B3LYP 0.004195149370607176
PBE SCAN 0.0036485212951684522
PBE HF 0.0181332193852943
PBE CCSD 0.008082753333949236
PBE0 B3LYP 0.003271756106367632
PBE0 SCAN 0.002649342550445625
PBE0 HF 0.013564878693530655
PBE0 CCSD 0.005357004319608075
B3LYP SCAN 0.002833302721938502
B3LYP HF 0.014811748866121148
B3LYP CCSD 0.006769316012609599
SCAN HF 0.014971597492524682
SCAN CCSD 0.006009272972895282
HF CCSD 0.01234396385384906
converged SCF energy = -2852.7503639975
converged SCF energy = -2858.00311251821
converged SCF energy = -2857.96052009332
converged SCF energy = -2858.32125421213
converged SCF energy = -2858.85694111335
converged SCF energy = -2854.51435509223
E(RCCSD) = -2855.676534833017  E_corr = -1.162179740791953
SVWN PBE 0.004755045280596364
SVWN PBE0 0.007043210384161597
SVWN B3LYP 0.007200016721568842
SVWN SCAN 0.007102681413435277
SVWN HF 0.016598529619369265
SVWN CCSD 0.010245785341875499
PBE PBE0 0.003834975696304181
PBE B3LYP 0.003020510235309745
PBE SCAN 0.003548572061018813
PBE HF 0.013679134826405218
PBE CCSD 0.007327210154302106
PBE0 B3LYP 0.003614193616331388
PBE0 SCAN 0.0020204452803815292
PBE0 HF 0.01013358755906418
PBE0 CCSD 0.005268003169022589
B3LYP SCAN 0.0029009092471450676
B3LYP HF 0.011841647483613308
B3LYP CCSD 0.0064174036520029225
SCAN HF 0.010797128461228976
SCAN CCSD 0.005684781037200241
HF CCSD 0.007947374926212092
converged SCF energy = -793.401193519269
converged SCF energy = -797.141933248171
converged SCF energy = -797.203196231111
converged SCF energy = -797.482131335058
converged SCF energy = -797.637388064434
converged SCF energy = -794.980624622392
E(RCCSD) = -796.2664415477659  E_corr = -1.285816925373373
SVWN PBE 0.00475168402046096
SVWN PBE0 0.0074196587147196055
SVWN B3LYP 0.007514458160019732
SVWN SCAN 0.007235450001129803
SVWN HF 0.01910964530007558
SVWN CCSD 0.010194700336753541
PBE PBE0 0.004713632284841605
PBE B3LYP 0.003771249525660809
PBE SCAN 0.004105484070481131
PBE HF 0.016872753207269206
PBE CCSD 0.007904184585934098
PBE0 B3LYP 0.0039448890250146475
PBE0 SCAN 0.002400426834388194
PBE0 HF 0.012419299515577941
PBE0 CCSD 0.005597305389151185
B3LYP SCAN 0.003740648431924393
B3LYP HF 0.014398575731421141
B3LYP CCSD 0.006773918172685797
SCAN HF 0.013384036216917031
SCAN CCSD 0.0058490527416190045
HF CCSD 0.010793425696843464
converged SCF energy = -925.597168257359
converged SCF energy = -930.156633757238
converged SCF energy = -930.193298626653
converged SCF energy = -930.552349222617
converged SCF energy = -930.724488158988
converged SCF energy = -927.428316369849
E(RCCSD) = -929.0590340025074  E_corr = -1.630717632657552
SVWN PBE 0.004407649250253603
SVWN PBE0 0.0073645211796220245
SVWN B3LYP 0.007610684016249024
SVWN SCAN 0.007077806263312688
SVWN HF 0.020405892064370535
SVWN CCSD 0.009862532186804239
PBE PBE0 0.0047699717636749545
PBE B3LYP 0.004286779072825348
PBE SCAN 0.004022454905671121
PBE HF 0.018240074422408572
PBE CCSD 0.008039694196753166
PBE0 B3LYP 0.0036590953856510105
PBE0 SCAN 0.002498818177705225
PBE0 HF 0.013712593749378423
PBE0 CCSD 0.005439978826082206
B3LYP SCAN 0.0033844761010122107
B3LYP HF 0.015033560512633997
B3LYP CCSD 0.006654876680410128
SCAN HF 0.014727207964469373
SCAN CCSD 0.005799329706885359
HF CCSD 0.012295423368311702
converged SCF energy = -435.661408856229
converged SCF energy = -438.484915366112
converged SCF energy = -438.481776923608
converged SCF energy = -438.727121115036
converged SCF energy = -438.793760422238
converged SCF energy = -436.604375876764
E(RCCSD) = -437.8309994315578  E_corr = -1.226623554793797
SVWN PBE 0.004797349775400968
SVWN PBE0 0.007994897458611346
SVWN B3LYP 0.008313856888873174
SVWN SCAN 0.007873528267262455
SVWN HF 0.021580228273722354
SVWN CCSD 0.010554290816321319
PBE PBE0 0.005115816568636551
PBE B3LYP 0.004583361496550485
PBE SCAN 0.004399389160534227
PBE HF 0.01908631444311566
PBE CCSD 0.008593671102880746
PBE0 B3LYP 0.003705867876723955
PBE0 SCAN 0.0026423499269096857
PBE0 HF 0.014159439686690785
PBE0 CCSD 0.00597274509212745
B3LYP SCAN 0.0029041428098518637
B3LYP HF 0.015534820331959163
B3LYP CCSD 0.007202397350671894
SCAN HF 0.015316448069728887
SCAN CCSD 0.0065581696372147506
HF CCSD 0.013096305950590236
converged SCF energy = -3037.45314603021
converged SCF energy = -3043.87819976576
converged SCF energy = -3043.79843997684
converged SCF energy = -3044.27613889419
converged SCF energy = -3044.82685953418
converged SCF energy = -3039.63170287371
E(RCCSD) = -3041.258395397951  E_corr = -1.626692524244793
SVWN PBE 0.0036995524128732816
SVWN PBE0 0.00611493945664931
SVWN B3LYP 0.006289926886500607
SVWN SCAN 0.005853655269252227
SVWN HF 0.01700231433856326
SVWN CCSD 0.00857513550069814
PBE PBE0 0.0039387250796614455
PBE B3LYP 0.003495506996316445
PBE SCAN 0.003265335635216228
PBE HF 0.015124527491257336
PBE CCSD 0.007003877589845417
PBE0 B3LYP 0.0031348919041132776
PBE0 SCAN 0.002104149616070974
PBE0 HF 0.011412903463548672
PBE0 CCSD 0.0049141110344536896
B3LYP SCAN 0.0026338710151916907
B3LYP HF 0.01262002896959359
B3LYP CCSD 0.006023283291924069
SCAN HF 0.012402166034587402
SCAN CCSD 0.00543300042011768
HF CCSD 0.010239244769020174
converged SCF energy = -675.268397559232
converged SCF energy = -679.643747793424
converged SCF energy = -679.600947167325
converged SCF energy = -679.994727017971
converged SCF energy = -680.09013014182
converged SCF energy = -676.73551766986
E(RCCSD) = -678.605442549654  E_corr = -1.869924879793847
SVWN PBE 0.0036162635684509788
SVWN PBE0 0.006973201927557122
SVWN B3LYP 0.00694406800441023
SVWN SCAN 0.006209879082051887
SVWN HF 0.02177038043301055
SVWN CCSD 0.008945203199834887
PBE PBE0 0.005246435725975159
PBE B3LYP 0.004751535362107947
PBE SCAN 0.0038794018915543
PBE HF 0.020514597430090434
PBE CCSD 0.008283498725456093
PBE0 B3LYP 0.0031748366137465457
PBE0 SCAN 0.0027893584605769624
PBE0 HF 0.015381786441007156
PBE0 CCSD 0.005384486080222148
B3LYP SCAN 0.002705135839073591
B3LYP HF 0.016472988257765386
B3LYP CCSD 0.006708333223554645
SCAN HF 0.01717663163787134
SCAN CCSD 0.006305655350133461
HF CCSD 0.014769680908125516
converged SCF energy = -2945.97011456834
converged SCF energy = -2951.72866062649
converged SCF energy = -2951.65613796155
converged SCF energy = -2952.07654613339
converged SCF energy = -2952.6153946019
converged SCF energy = -2947.90301095993
E(RCCSD) = -2949.253565954074  E_corr = -1.350554994146205
SVWN PBE 0.004025283983493053
SVWN PBE0 0.0063015919450486926
SVWN B3LYP 0.006683293424055862
SVWN SCAN 0.006211631320839958
SVWN HF 0.016321052206602394
SVWN CCSD 0.008975029430869424
PBE PBE0 0.003647932413680035
PBE B3LYP 0.003281485678365367
PBE SCAN 0.003215190364746187
PBE HF 0.0138959196221082
PBE CCSD 0.006870810312820457
PBE0 B3LYP 0.0031942077731741364
PBE0 SCAN 0.0020374262733182866
PBE0 HF 0.01049920418297216
PBE0 CCSD 0.005022223583015341
B3LYP SCAN 0.0025305825756786553
B3LYP HF 0.011645394881293533
B3LYP CCSD 0.006017113007753356
SCAN HF 0.011217500708568506
SCAN CCSD 0.0054274438971253485
HF CCSD 0.009120446024476528
converged SCF energy = -941.550205942824
converged SCF energy = -946.172037702282
converged SCF energy = -946.201906200919
converged SCF energy = -946.570548604234
converged SCF energy = -946.742620081791
converged SCF energy = -943.403320894518
E(RCCSD) = -945.0543025681067  E_corr = -1.650981673588204
SVWN PBE 0.003999069194560425
SVWN PBE0 0.006920452474940748
SVWN B3LYP 0.006996136158266008
SVWN SCAN 0.006381517977791347
SVWN HF 0.0196992657277478
SVWN CCSD 0.009369560198678897
PBE PBE0 0.004808684058610416
PBE B3LYP 0.004091992063060576
PBE SCAN 0.0038436455446550976
PBE HF 0.018052927639610167
PBE CCSD 0.007951626392383613
PBE0 B3LYP 0.0035742468079896857
PBE0 SCAN 0.002549976077687284
PBE0 HF 0.01344166713253385
PBE0 CCSD 0.005299088627047549
B3LYP SCAN 0.003340180550114806
B3LYP HF 0.015007786303514752
B3LYP CCSD 0.006680816998340658
SCAN HF 0.014764631554450958
SCAN CCSD 0.005869900085989039
HF CCSD 0.012120599698991914
converged SCF energy = -761.449104382186
converged SCF energy = -765.068380817464
converged SCF energy = -765.144136598149
converged SCF energy = -765.402654563119
converged SCF energy = -765.556834731839
converged SCF energy = -762.98882026652
E(RCCSD) = -764.2413167164547  E_corr = -1.252496449934251
SVWN PBE 0.005747963585918921
SVWN PBE0 0.008355941380463654
SVWN B3LYP 0.008987836551525706
SVWN SCAN 0.008873548517896306
SVWN HF 0.020224467587162825
SVWN CCSD 0.011179459852943685
PBE PBE0 0.004437570844126376
PBE B3LYP 0.004034963964769651
PBE SCAN 0.004505112727321197
PBE HF 0.016714672256975493
PBE CCSD 0.007906719762249005
PBE0 B3LYP 0.004218244137774517
PBE0 SCAN 0.002271293494987524
PBE0 HF 0.012689042157814003
PBE0 CCSD 0.005884427315295639
B3LYP SCAN 0.004015560592253873
B3LYP HF 0.014132459800091634
B3LYP CCSD 0.006697123653787744
SCAN HF 0.01275875075153969
SCAN CCSD 0.005508176692749418
HF CCSD 0.010810005238291644
converged SCF energy = -738.484394438639
converged SCF energy = -741.849496393992
converged SCF energy = -741.907943172424
converged SCF energy = -742.159887158259
converged SCF energy = -742.300320421648
converged SCF energy = -739.949520833971
E(RCCSD) = -741.0539799851613  E_corr = -1.104459151190673
SVWN PBE 0.00449682754996754
SVWN PBE0 0.007223507637074816
SVWN B3LYP 0.007264203117196814
SVWN SCAN 0.0072857529201638726
SVWN HF 0.019135296759560043
SVWN CCSD 0.010059955137669559
PBE PBE0 0.004605394198869078
PBE B3LYP 0.003733057945859663
PBE SCAN 0.004224985764402258
PBE HF 0.016941835482092615
PBE CCSD 0.007901543272267518
PBE0 B3LYP 0.0037401984276183727
PBE0 SCAN 0.0022730043106592226
PBE0 HF 0.012571578897408673
PBE0 CCSD 0.005582182061065364
B3LYP SCAN 0.0034645127325979527
B3LYP HF 0.014413825714206612
B3LYP CCSD 0.006691526370744048
SCAN HF 0.013240651617242118
SCAN CCSD 0.0056322230747659465
HF CCSD 0.010863446488858921
converged SCF energy = -474.605911035029
converged SCF energy = -477.746026732895
converged SCF energy = -477.75380398505
converged SCF energy = -478.016966770424
converged SCF energy = -478.096027578649
converged SCF energy = -475.650458571232
E(RCCSD) = -477.0359092452128  E_corr = -1.385450673979982
SVWN PBE 0.005514687806683544
SVWN PBE0 0.008565810726720427
SVWN B3LYP 0.00919681026820756
SVWN SCAN 0.008586561421244372
SVWN HF 0.021923958359163456
SVWN CCSD 0.011128374923902735
PBE PBE0 0.005024213015851035
PBE B3LYP 0.004620072090232224
PBE SCAN 0.0044386618271203045
PBE HF 0.018801526291291528
PBE CCSD 0.008520162125300292
PBE0 B3LYP 0.003998058644251963
PBE0 SCAN 0.002602006847626448
PBE0 HF 0.014052018048568093
PBE0 CCSD 0.006096788967977867
B3LYP SCAN 0.0032207865820573136
B3LYP HF 0.015356602940796358
B3LYP CCSD 0.007161668113708981
SCAN HF 0.014961644450326073
SCAN CCSD 0.006402409379656777
HF CCSD 0.012882386374264202
converged SCF energy = -693.672889156664
converged SCF energy = -698.12647102807
converged SCF energy = -698.09816508746
converged SCF energy = -698.487896294783
converged SCF energy = -698.600192160979
converged SCF energy = -695.118204314048
E(RCCSD) = -697.0626394453552  E_corr = -1.94443513130847
SVWN PBE 0.004209343482731443
SVWN PBE0 0.0074359121022691665
SVWN B3LYP 0.0076461418070870035
SVWN SCAN 0.006794043423313448
SVWN HF 0.021365535843504008
SVWN CCSD 0.009692308049790653
PBE PBE0 0.005235516581624162
PBE B3LYP 0.004585708225631994
PBE SCAN 0.003965272138157314
PBE HF 0.01963657873532778
PBE CCSD 0.008466769395955013
PBE0 B3LYP 0.003653289174120455
PBE0 SCAN 0.002755365963713433
PBE0 HF 0.014559551853703261
PBE0 CCSD 0.005538632817158696
B3LYP SCAN 0.002881686390766113
B3LYP HF 0.016006703682786564
B3LYP CCSD 0.00717893951570731
SCAN HF 0.01625384262388553
SCAN CCSD 0.006549676671719488
HF CCSD 0.01366545283407861
converged SCF energy = -766.735458520464
converged SCF energy = -771.778503888002
converged SCF energy = -771.726463998096
converged SCF energy = -772.178453865012
converged SCF energy = -772.285419264827
converged SCF energy = -768.444451897909
E(RCCSD) = -770.5941359552548  E_corr = -2.14968405734585
SVWN PBE 0.003329910033052199
SVWN PBE0 0.006762721493476287
SVWN B3LYP 0.006550740652230111
SVWN SCAN 0.0057957906270649515
SVWN HF 0.021919827632887086
SVWN CCSD 0.008632879984621611
PBE PBE0 0.005338342734351086
PBE B3LYP 0.004787615632374114
PBE SCAN 0.003770981696333626
PBE HF 0.021033777165851402
PBE CCSD 0.008335789999670176
PBE0 B3LYP 0.003102319568137949
PBE0 SCAN 0.002876542293652121
PBE0 HF 0.015795909046911576
PBE0 CCSD 0.0052045759361648404
B3LYP SCAN 0.0028856706111588227
B3LYP HF 0.016911753328551837
B3LYP CCSD 0.006566992014963496
SCAN HF 0.017774637102491605
SCAN CCSD 0.006257236313865352
HF CCSD 0.01507610003214349
converged SCF energy = -2982.53684189334
converged SCF energy = -2988.58677904321
converged SCF energy = -2988.50496735769
converged SCF energy = -2988.95538580666
converged SCF energy = -2989.49246741516
converged SCF energy = -2984.60466816837
E(RCCSD) = -2986.05142146415  E_corr = -1.446753295777134
SVWN PBE 0.0036095362837088507
SVWN PBE0 0.005996288966974004
SVWN B3LYP 0.0061959207462119964
SVWN SCAN 0.005781677241305119
SVWN HF 0.016830213187452463
SVWN CCSD 0.00853506681850269
PBE PBE0 0.0037571091117799124
PBE B3LYP 0.0034384039286966205
PBE SCAN 0.003165100205338898
PBE HF 0.014869474309832749
PBE CCSD 0.00693089411095833
PBE0 B3LYP 0.0029440574258759486
PBE0 SCAN 0.002035186696739317
PBE0 HF 0.01132653000638715
PBE0 CCSD 0.004927832976575392
B3LYP SCAN 0.0024537853104067272
B3LYP HF 0.012321846717506184
B3LYP CCSD 0.0058389671665401415
SCAN HF 0.012193850313446912
SCAN CCSD 0.0053818188313559485
HF CCSD 0.010117255299229357
converged SCF energy = -925.583044956325
converged SCF energy = -930.144350416927
converged SCF energy = -930.181882508954
converged SCF energy = -930.540611760763
converged SCF energy = -930.712382202592
converged SCF energy = -927.418940439618
E(RCCSD) = -929.0497404306245  E_corr = -1.630799991006472
SVWN PBE 0.004399629824588916
SVWN PBE0 0.00728104257437406
SVWN B3LYP 0.007582357364360737
SVWN SCAN 0.006994732270212856
SVWN HF 0.020141471408831095
SVWN CCSD 0.009756019404513552
PBE PBE0 0.004690585765990016
PBE B3LYP 0.004225958432372432
PBE SCAN 0.003951284713113095
PBE HF 0.01798443037858211
PBE CCSD 0.007967327256715348
PBE0 B3LYP 0.003644750406296708
PBE0 SCAN 0.002533580615126431
PBE0 HF 0.013539753140873207
PBE0 CCSD 0.0054882032124058885
B3LYP SCAN 0.0034184471399169225
B3LYP HF 0.01484267953355445
B3LYP CCSD 0.006628611688873425
SCAN HF 0.014565528391121452
SCAN CCSD 0.00581800962051534
HF CCSD 0.012185440039879179
converged SCF energy = -677.695285512967
converged SCF energy = -682.089174296152
converged SCF energy = -682.068412767036
converged SCF energy = -682.448497322313
converged SCF energy = -682.560063292261
converged SCF energy = -679.123831596974
E(RCCSD) = -681.051247508964  E_corr = -1.927415911987555
SVWN PBE 0.004663283690534792
SVWN PBE0 0.007791228853423784
SVWN B3LYP 0.008249385244778968
SVWN SCAN 0.0074073834933142116
SVWN HF 0.021703786812791327
SVWN CCSD 0.009988561444076898
PBE PBE0 0.005070341686812683
PBE B3LYP 0.004648963123965904
PBE SCAN 0.004070660947754195
PBE HF 0.01942963464622773
PBE CCSD 0.00838104487941925
PBE0 B3LYP 0.0037503659120910033
PBE0 SCAN 0.002699673820552056
PBE0 HF 0.014570708829500342
PBE0 CCSD 0.005683940676956403
B3LYP SCAN 0.0029859974511801377
B3LYP HF 0.015791202696140975
B3LYP CCSD 0.007096698327735961
SCAN HF 0.015919220265598832
SCAN CCSD 0.006394601090212335
HF CCSD 0.013700844874621428
converged SCF energy = -3000.89220142383
converged SCF energy = -3007.0249915931
converged SCF energy = -3006.95542080521
converged SCF energy = -3007.40327362089
converged SCF energy = -3007.95585924348
converged SCF energy = -3002.93801818998
E(RCCSD) = -3004.466202923139  E_corr = -1.52818473316474
SVWN PBE 0.004119603114833811
SVWN PBE0 0.0064636090910405244
SVWN B3LYP 0.006768690858415802
SVWN SCAN 0.006290294789446642
SVWN HF 0.01663452701948084
SVWN CCSD 0.009136490803926953
PBE PBE0 0.0038387027053689107
PBE B3LYP 0.0033267318197690078
PBE SCAN 0.0032809972093556365
PBE HF 0.014273579210872026
PBE CCSD 0.00700083690472147
PBE0 B3LYP 0.003358786686586488
PBE0 SCAN 0.002099559221058134
PBE0 HF 0.010673042624955435
PBE0 CCSD 0.005059285505220198
B3LYP SCAN 0.0026822219449930376
B3LYP HF 0.012056289787679588
B3LYP CCSD 0.006221309752905646
SCAN HF 0.01155262519065963
SCAN CCSD 0.005522890226064763
HF CCSD 0.009307287110904096
converged SCF energy = -669.97012097409
converged SCF energy = -672.924352383204
converged SCF energy = -673.005393380147
converged SCF energy = -673.207186847656
converged SCF energy = -673.348009255
converged SCF energy = -671.259595796663
E(RCCSD) = -672.2376009916206  E_corr = -0.9780051949576413
SVWN PBE 0.006611173194020634
SVWN PBE0 0.008988163513633423
SVWN B3LYP 0.01006070077520949
SVWN SCAN 0.009991182530499139
SVWN HF 0.0196420124183984
SVWN CCSD 0.012289572463697425
PBE PBE0 0.004067641665540177
PBE B3LYP 0.0038163695434738835
PBE SCAN 0.00460179493309306
PBE HF 0.015058528314944386
PBE CCSD 0.00794476159200244
PBE0 B3LYP 0.004432147409186029
PBE0 SCAN 0.002216897242875801
PBE0 HF 0.01150167086017989
PBE0 CCSD 0.006296385421308382
B3LYP SCAN 0.0040162366267345855
B3LYP HF 0.012871228754932702
B3LYP CCSD 0.006796942677723492
SCAN HF 0.010951446465339005
SCAN CCSD 0.005530214386015166
HF CCSD 0.009169294688398158
converged SCF energy = -998.250968817579
converged SCF energy = -1003.08649519473
converged SCF energy = -1003.0925113777
converged SCF energy = -1003.49336008733
converged SCF energy = -1003.67137367593
converged SCF energy = -1000.13205913856
E(RCCSD) = -1001.867024501376  E_corr = -1.7349653628141
SVWN PBE 0.003762232364805525
SVWN PBE0 0.0067415491813357115
SVWN B3LYP 0.00696980476572812
SVWN SCAN 0.00608827081085603
SVWN HF 0.019860806159371785
SVWN CCSD 0.009138981134932545
PBE PBE0 0.004715461343552595
PBE B3LYP 0.0042511569956973205
PBE SCAN 0.0036406051151003627
PBE HF 0.01821270512150433
PBE CCSD 0.007954047282673462
PBE0 B3LYP 0.003364520873643942
PBE0 SCAN 0.0025910207286076806
PBE0 HF 0.013672429343754207
PBE0 CCSD 0.005267054947706458
B3LYP SCAN 0.0028964233977479105
B3LYP HF 0.014882346103791464
B3LYP CCSD 0.0067276829745906465
SCAN HF 0.015072746413585896
SCAN CCSD 0.005971143946815177
HF CCSD 0.012503703914152751
converged SCF energy = -2834.36359367764
converged SCF energy = -2839.53468091825
converged SCF energy = -2839.48327835529
converged SCF energy = -2839.84476854394
converged SCF energy = -2840.3629299952
converged SCF energy = -2836.15765350908
E(RCCSD) = -2837.241788987558  E_corr = -1.084135478473187
SVWN PBE 0.0041710468664685465
SVWN PBE0 0.006239190090069171
SVWN B3LYP 0.006411465883789444
SVWN SCAN 0.006327497679497467
SVWN HF 0.015678353124117212
SVWN CCSD 0.009066468070855122
PBE PBE0 0.0034743474718703163
PBE B3LYP 0.0029541334120983
PBE SCAN 0.0032367109595736075
PBE HF 0.013182280566865417
PBE CCSD 0.006684257239619331
PBE0 B3LYP 0.003110653298986754
PBE0 SCAN 0.0018590398600129736
PBE0 HF 0.009987624205035277
PBE0 CCSD 0.005086893243401851
B3LYP SCAN 0.0027078651143247322
B3LYP HF 0.0112918349418936
B3LYP CCSD 0.005769262227675773
SCAN HF 0.010515783976332613
SCAN CCSD 0.005237936741396189
HF CCSD 0.008402974729376508
converged SCF energy = -829.947482152908
converged SCF energy = -833.980060873284
converged SCF energy = -834.033683213321
converged SCF energy = -834.342304529694
converged SCF energy = -834.495035270235
converged SCF energy = -831.667288431242
E(RCCSD) = -833.048475864901  E_corr = -1.381187433658886
SVWN PBE 0.004124716580254174
SVWN PBE0 0.006817761211139629
SVWN B3LYP 0.006717545494660163
SVWN SCAN 0.006571774384591619
SVWN HF 0.019311028534963068
SVWN CCSD 0.009221110815336827
PBE PBE0 0.004697277968147692
PBE B3LYP 0.0038677607662181146
PBE SCAN 0.004026321629896085
PBE HF 0.017708541068958975
PBE CCSD 0.0076366004685516605
PBE0 B3LYP 0.0035857647591722827
PBE0 SCAN 0.002391188359610796
PBE0 HF 0.013208124015995084
PBE0 CCSD 0.005335111537000823
B3LYP SCAN 0.003561785909367353
B3LYP HF 0.014949248795657153
B3LYP CCSD 0.006406166875571135
SCAN HF 0.01428365415112247
SCAN CCSD 0.005544228524264155
HF CCSD 0.011931945226011959
converged SCF energy = -795.174131714658
converged SCF energy = -798.755733103779
converged SCF energy = -798.79099347937
converged SCF energy = -799.075080867255
converged SCF energy = -799.220583091718
converged SCF energy = -796.673517582002
E(RCCSD) = -797.8649902447719  E_corr = -1.191472662770589
SVWN PBE 0.0042031561564081985
SVWN PBE0 0.006961202166008194
SVWN B3LYP 0.007233933122696071
SVWN SCAN 0.006838782078027638
SVWN HF 0.019029235629720503
SVWN CCSD 0.009695533774465574
PBE PBE0 0.004397602116820674
PBE B3LYP 0.003836948081023914
PBE SCAN 0.0039069827077513105
PBE HF 0.01683815506617932
PBE CCSD 0.007806458434817064
PBE0 B3LYP 0.0033843350759141582
PBE0 SCAN 0.0024850098869248463
PBE0 HF 0.012645862176225675
PBE0 CCSD 0.0055289427551939154
B3LYP SCAN 0.003049911876488407
B3LYP HF 0.014015339275808749
B3LYP CCSD 0.00665932123942655
SCAN HF 0.013489337029539488
SCAN CCSD 0.005844266767278645
HF CCSD 0.011151869731210708
converged SCF energy = -527.125663465837
converged SCF energy = -530.618700371284
converged SCF energy = -530.609152900166
converged SCF energy = -530.912488154572
converged SCF energy = -530.99024082184
converged SCF energy = -528.323252034861
E(RCCSD) = -529.8237869554162  E_corr = -1.500534920555549
SVWN PBE 0.004243393111090083
SVWN PBE0 0.007471717042317196
SVWN B3LYP 0.0075370790241305755
SVWN SCAN 0.007014149827852431
SVWN HF 0.021671157999583288
SVWN CCSD 0.009711132852320635
PBE PBE0 0.005226859540071744
PBE B3LYP 0.004638680099012011
PBE SCAN 0.004160140408342928
PBE HF 0.01990237569722955
PBE CCSD 0.00837699393672708
PBE0 B3LYP 0.003486718541238202
PBE0 SCAN 0.002691312022717003
PBE0 HF 0.014828661076565315
PBE0 CCSD 0.005692134806418109
B3LYP SCAN 0.002995963782284899
B3LYP HF 0.016176580738674423
B3LYP CCSD 0.006857058090706979
SCAN HF 0.01634880546124268
SCAN CCSD 0.006398122860849531
HF CCSD 0.014024374180794677
converged SCF energy = -998.231548774693
converged SCF energy = -1003.0694327292
converged SCF energy = -1003.07568536313
converged SCF energy = -1003.47701454408
converged SCF energy = -1003.65354914436
converged SCF energy = -1000.11655382707
E(RCCSD) = -1001.851913069544  E_corr = -1.73535924247384
SVWN PBE 0.003713025183851818
SVWN PBE0 0.0066241336201073465
SVWN B3LYP 0.006825669452439261
SVWN SCAN 0.0060486365964426405
SVWN HF 0.019486634088916547
SVWN CCSD 0.008998686476980686
PBE PBE0 0.00463605731371989
PBE B3LYP 0.0041024749027409775
PBE SCAN 0.0036369103064879476
PBE HF 0.017906868743476995
PBE CCSD 0.00786550143833317
PBE0 B3LYP 0.003307932176777347
PBE0 SCAN 0.0025686152200107715
PBE0 HF 0.013429813065643708
PBE0 CCSD 0.005292682744961555
B3LYP SCAN 0.0028683804781493806
B3LYP HF 0.014717870257333818
B3LYP CCSD 0.0067141721012802386
SCAN HF 0.014772675208314481
SCAN CCSD 0.005924235978247296
HF CCSD 0.012328205930111124
converged SCF energy = -889.031839179661
converged SCF energy = -893.299575471633
converged SCF energy = -893.347458804467
converged SCF energy = -893.675574031504
converged SCF energy = -893.849157492839
converged SCF energy = -890.732271900731
E(RCCSD) = -892.2666254792015  E_corr = -1.534353578472015
SVWN PBE 0.004954150109586057
SVWN PBE0 0.007698027524426859
SVWN B3LYP 0.0082703745959896
SVWN SCAN 0.007639563669561127
SVWN HF 0.019762069098967536
SVWN CCSD 0.01035827376495444
PBE PBE0 0.004565351718823374
PBE B3LYP 0.0040501775863876965
PBE SCAN 0.004074008365687351
PBE HF 0.01701835842907889
PBE CCSD 0.007933789148755933
PBE0 B3LYP 0.004013548973270766
PBE0 SCAN 0.0024480105708731886
PBE0 HF 0.012743984108835303
PBE0 CCSD 0.005612302397134808
B3LYP SCAN 0.003505299883857153
B3LYP HF 0.014233406523521955
B3LYP CCSD 0.006890477732621187
SCAN HF 0.01348709834981339
SCAN CCSD 0.005792339423279369
HF CCSD 0.011242034794754885
converged SCF energy = -2889.29021245741
converged SCF energy = -2894.83450750711
converged SCF energy = -2894.78592539468
converged SCF energy = -2895.17446457975
converged SCF energy = -2895.70798876848
converged SCF energy = -2891.19583928866
E(RCCSD) = -2892.45876328282  E_corr = -1.262923994163743
SVWN PBE 0.004283094434303012
SVWN PBE0 0.0065589969883246835
SVWN B3LYP 0.006660407877576513
SVWN SCAN 0.006503027464489818
SVWN HF 0.016368363067147028
SVWN CCSD 0.00932599306956942
PBE PBE0 0.0037801744910059753
PBE B3LYP 0.0031301548634916766
PBE SCAN 0.003372069228420366
PBE HF 0.013856023881824536
PBE CCSD 0.00689593468668159
PBE0 B3LYP 0.0033622411916320255
PBE0 SCAN 0.0019569803768515652
PBE0 HF 0.010340936093969622
PBE0 CCSD 0.005065342754958827
B3LYP SCAN 0.002932186354718469
B3LYP HF 0.01186286280033162
B3LYP CCSD 0.006014952460735527
SCAN HF 0.011063045388577322
SCAN CCSD 0.005380992983228357
HF CCSD 0.008780532255685196
converged SCF energy = -1201.31792299498
converged SCF energy = -1207.4089676064
converged SCF energy = -1207.38417396821
converged SCF energy = -1207.90182048465
converged SCF energy = -1208.11214842337
converged SCF energy = -1203.57667203098
E(RCCSD) = -1205.860407704297  E_corr = -2.283735673317412
SVWN PBE 0.0034262355986505286
SVWN PBE0 0.006516222704014102
SVWN B3LYP 0.006700367479454347
SVWN SCAN 0.005673180677346318
SVWN HF 0.02014794047577153
SVWN CCSD 0.00875195533020135
PBE PBE0 0.004869428349651917
PBE B3LYP 0.0044091485783628774
PBE SCAN 0.003525340641588062
PBE HF 0.01890663343172412
PBE CCSD 0.008062546069323285
PBE0 B3LYP 0.0033144595791959283
PBE0 SCAN 0.002718235018371341
PBE0 HF 0.01418620199438981
PBE0 CCSD 0.005098822865645742
B3LYP SCAN 0.002799230606380909
B3LYP HF 0.015341168778529545
B3LYP CCSD 0.006800892154038844
SCAN HF 0.015885384634808042
SCAN CCSD 0.00605703930004037
HF CCSD 0.01316249800591713
converged SCF energy = -998.24465060775
converged SCF energy = -1003.08181674337
converged SCF energy = -1003.08783967537
converged SCF energy = -1003.48908833692
converged SCF energy = -1003.66588652228
converged SCF energy = -1000.12855934766
E(RCCSD) = -1001.862772821073  E_corr = -1.734213473410752
SVWN PBE 0.0037198326311632724
SVWN PBE0 0.006696736807813133
SVWN B3LYP 0.006907307497514534
SVWN SCAN 0.006079650634909104
SVWN HF 0.019676790098088977
SVWN CCSD 0.00911458979852143
PBE PBE0 0.0046751009156705955
PBE B3LYP 0.004217787221923465
PBE SCAN 0.0036244293897197775
PBE HF 0.018040125822636758
PBE CCSD 0.007937135358215386
PBE0 B3LYP 0.0032961062627272788
PBE0 SCAN 0.0026116744834055665
PBE0 HF 0.013535487274305888
PBE0 CCSD 0.005311051543914146
B3LYP SCAN 0.0028778521860572284
B3LYP HF 0.014732556312963949
B3LYP CCSD 0.006736349903844382
SCAN HF 0.014934948437052111
SCAN CCSD 0.005944812128886893
HF CCSD 0.012417254051152262
converged SCF energy = -3149.04000274505
converged SCF energy = -3156.05322855898
converged SCF energy = -3155.95003458378
converged SCF energy = -3156.48787772118
converged SCF energy = -3157.05892928002
converged SCF energy = -3151.35079260623
E(RCCSD) = -3153.249067589403  E_corr = -1.898274983169601
SVWN PBE 0.003683321920365718
SVWN PBE0 0.006215450364518717
SVWN B3LYP 0.006519439921971113
SVWN SCAN 0.005829589391379148
SVWN HF 0.017363309041969723
SVWN CCSD 0.008649918274426986
PBE PBE0 0.004037976698022317
PBE B3LYP 0.003662812923208465
PBE SCAN 0.0032297965540939904
PBE HF 0.015435499498207375
PBE CCSD 0.0071482697741130025
PBE0 B3LYP 0.0031639919749220477
PBE0 SCAN 0.0022238216803010876
PBE0 HF 0.011619185420682337
PBE0 CCSD 0.00490093608266185
B3LYP SCAN 0.0025098953176305896
B3LYP HF 0.012724142497006683
B3LYP CCSD 0.0062204604302836175
SCAN HF 0.012710743868073617
SCAN CCSD 0.005580583438896471
HF CCSD 0.010527760577459237
converged SCF energy = -3185.59249669214
converged SCF energy = -3192.90194631162
converged SCF energy = -3192.78861697923
converged SCF energy = -3193.35837758617
converged SCF energy = -3193.92540586896
converged SCF energy = -3188.04523617673
E(RCCSD) = -3190.038656468122  E_corr = -1.993420291386198
SVWN PBE 0.0033160230413350716
SVWN PBE0 0.005982024380479767
SVWN B3LYP 0.005996967781238654
SVWN SCAN 0.005393822964493209
SVWN HF 0.017726138441322675
SVWN CCSD 0.008323165168265532
PBE PBE0 0.004141033838195197
PBE B3LYP 0.003721787328086072
PBE SCAN 0.0031417020485936084
PBE HF 0.016190499908677516
PBE CCSD 0.007218819023364112
PBE0 B3LYP 0.0029169196760286
PBE0 SCAN 0.002276872181563092
PBE0 HF 0.012227058860925925
PBE0 CCSD 0.004866985834454285
B3LYP SCAN 0.002487727338785841
B3LYP HF 0.013268623406951513
B3LYP CCSD 0.0060754921272000795
SCAN HF 0.01354817519111832
SCAN CCSD 0.005576516009764019
HF CCSD 0.011198995250787134
converged SCF energy = -850.079305534322
converged SCF energy = -854.035858208806
converged SCF energy = -854.074154824778
converged SCF energy = -854.386030074077
converged SCF energy = -854.544602937513
converged SCF energy = -851.6926328143
E(RCCSD) = -853.0632930705838  E_corr = -1.370660256282927
SVWN PBE 0.0043811424477042775
SVWN PBE0 0.007110612474903378
SVWN B3LYP 0.007409202396299598
SVWN SCAN 0.006863570739071927
SVWN HF 0.0190397835823477
SVWN CCSD 0.009795165742760983
PBE PBE0 0.004522467448444792
PBE B3LYP 0.003848157059433854
PBE SCAN 0.003895063598702238
PBE HF 0.016848006156920774
PBE CCSD 0.007819432764909182
PBE0 B3LYP 0.0036276378883340486
PBE0 SCAN 0.0024952212575267436
PBE0 HF 0.012540959655627393
PBE0 CCSD 0.005494361492082295
B3LYP SCAN 0.0032010140501338383
B3LYP HF 0.014139380541029646
B3LYP CCSD 0.0068008157181532565
SCAN HF 0.013514001055667512
SCAN CCSD 0.005789531727797892
HF CCSD 0.01111703836621246
converged SCF energy = -2813.80014744582
converged SCF energy = -2818.73818475156
converged SCF energy = -2818.68716765169
converged SCF energy = -2819.02939129869
converged SCF energy = -2819.5509660463
converged SCF energy = -2815.47193437168
E(RCCSD) = -2816.476593562783  E_corr = -1.00465919110623
SVWN PBE 0.0042408764324189776
SVWN PBE0 0.006398619706978026
SVWN B3LYP 0.0063929481009054635
SVWN SCAN 0.0062918921095411395
SVWN HF 0.015210075117217675
SVWN CCSD 0.009478318856712862
PBE PBE0 0.0036547067158491588
PBE B3LYP 0.002723560675128527
PBE SCAN 0.0032608575134794255
PBE HF 0.012672552267307041
PBE CCSD 0.0068560874443543115
PBE0 B3LYP 0.003319642604792787
PBE0 SCAN 0.0019451974926869354
PBE0 HF 0.009256537745857787
PBE0 CCSD 0.005002836869132776
B3LYP SCAN 0.002710535532159312
B3LYP HF 0.011076867350845088
B3LYP CCSD 0.006129547866405464
SCAN HF 0.010083055119885328
SCAN CCSD 0.005497635735935746
HF CCSD 0.007383227960546174
converged SCF energy = -941.562173319072
converged SCF energy = -946.184685179221
converged SCF energy = -946.214658291299
converged SCF energy = -946.584122131491
converged SCF energy = -946.756603362432
converged SCF energy = -943.418368156544
E(RCCSD) = -945.0653313526067  E_corr = -1.646963196061912
SVWN PBE 0.00396564296186072
SVWN PBE0 0.006892772984123327
SVWN B3LYP 0.0068938580122914605
SVWN SCAN 0.0063450750099201345
SVWN HF 0.019754889326486714
SVWN CCSD 0.009374875617480108
PBE PBE0 0.004836176933479391
PBE B3LYP 0.0040927975718558236
PBE SCAN 0.003848192324297741
PBE HF 0.01818014761472182
PBE CCSD 0.00799565610251456
PBE0 B3LYP 0.0035346420547754482
PBE0 SCAN 0.002537006677408163
PBE0 HF 0.013528267313459071
PBE0 CCSD 0.005350888173723086
B3LYP SCAN 0.003265874201681034
B3LYP HF 0.015118317830838923
B3LYP CCSD 0.006724362441770602
SCAN HF 0.014886616573285518
SCAN CCSD 0.005944844947478683
HF CCSD 0.01218548887703809
converged SCF energy = -677.70232068017
converged SCF energy = -682.095861411476
converged SCF energy = -682.074695741262
converged SCF energy = -682.454797308778
converged SCF energy = -682.566184174314
converged SCF energy = -679.129599630615
E(RCCSD) = -681.0570381239127  E_corr = -1.927438493299737
SVWN PBE 0.004647646174841389
SVWN PBE0 0.007888746342565875
SVWN B3LYP 0.008309914467369254
SVWN SCAN 0.007463221614973996
SVWN HF 0.021975763669439378
SVWN CCSD 0.010144168970302792
PBE PBE0 0.005150834121167635
PBE B3LYP 0.004715965628915998
PBE SCAN 0.004126636029504712
PBE HF 0.019667095125149314
PBE CCSD 0.008471318166744507
PBE0 B3LYP 0.0037498250600005146
PBE0 SCAN 0.0027199969932778694
PBE0 HF 0.014727542245010095
PBE0 CCSD 0.005661878446339189
B3LYP SCAN 0.0029886218491810695
B3LYP HF 0.015936881717589144
B3LYP CCSD 0.007113656972887528
SCAN HF 0.016097351062194655
SCAN CCSD 0.006423500573397272
HF CCSD 0.013776375529942706
converged SCF energy = -777.441559669679
converged SCF energy = -781.120509194808
converged SCF energy = -781.189425108396
converged SCF energy = -781.457719860625
converged SCF energy = -781.613167533545
converged SCF energy = -779.000669845823
E(RCCSD) = -780.267562089109  E_corr = -1.266892243285719
SVWN PBE 0.005210502010706672
SVWN PBE0 0.007811523961854668
SVWN B3LYP 0.008197833533443373
SVWN SCAN 0.00801307477583069
SVWN HF 0.019567000739199387
SVWN CCSD 0.01063267685245986
PBE PBE0 0.004548391279661806
PBE B3LYP 0.003872969941633406
PBE SCAN 0.004269167891007117
PBE HF 0.016745903910631084
PBE CCSD 0.007926114830658667
PBE0 B3LYP 0.004089110040617607
PBE0 SCAN 0.0022208214211672833
PBE0 HF 0.012531733358910242
PBE0 CCSD 0.005763329551216971
B3LYP SCAN 0.00380473803093349
B3LYP HF 0.014251972577238014
B3LYP CCSD 0.006764480416587351
SCAN HF 0.013000012608679962
SCAN CCSD 0.005651373998179539
HF CCSD 0.010778747017255747
converged SCF energy = -978.091709328812
converged SCF energy = -983.006824033917
converged SCF energy = -983.027233390038
converged SCF energy = -983.426572753788
converged SCF energy = -983.595954704695
converged SCF energy = -980.081849468388
E(RCCSD) = -981.8302791062368  E_corr = -1.74842963784602
SVWN PBE 0.0035060756179372244
SVWN PBE0 0.006408485520154777
SVWN B3LYP 0.006318023830686483
SVWN SCAN 0.00583638986622037
SVWN HF 0.019833415193249677
SVWN CCSD 0.008564392108024753
PBE PBE0 0.004790502980246344
PBE B3LYP 0.004178856581499469
PBE SCAN 0.003759317681040671
PBE HF 0.018724407746460496
PBE CCSD 0.0077592159679236656
PBE0 B3LYP 0.003285725364491642
PBE0 SCAN 0.002591413063602818
PBE0 HF 0.01408818559373026
PBE0 CCSD 0.0050967600279282505
B3LYP SCAN 0.0032045797209679207
B3LYP HF 0.015463284317847447
B3LYP CCSD 0.006379801147134587
SCAN HF 0.01552438808245278
SCAN CCSD 0.005649346881249888
HF CCSD 0.012998807068745791
converged SCF energy = -618.605838819646
converged SCF energy = -622.763750151533
converged SCF energy = -622.74784725961
converged SCF energy = -623.107734420301
converged SCF energy = -623.198444615629
converged SCF energy = -620.04926332001
E(RCCSD) = -621.8268516708658  E_corr = -1.777588350855983
SVWN PBE 0.003852380176389064
SVWN PBE0 0.007060885730037933
SVWN B3LYP 0.006929641976349214
SVWN SCAN 0.006411424952835448
SVWN HF 0.021562663262440065
SVWN CCSD 0.009056303715059583
PBE PBE0 0.005240373875233522
PBE B3LYP 0.004617225117189968
PBE SCAN 0.003992339227044322
PBE HF 0.020310256404806392
PBE CCSD 0.00823557590203862
PBE0 B3LYP 0.003389242430091528
PBE0 SCAN 0.002664741002849293
PBE0 HF 0.0151981537726932
PBE0 CCSD 0.005403921953178117
B3LYP SCAN 0.0031072128795630936
B3LYP HF 0.016528933910275097
B3LYP CCSD 0.006643544658790863
SCAN HF 0.016872342505473568
SCAN CCSD 0.006172711744043145
HF CCSD 0.014434035274024834
converged SCF energy = -925.584463355893
converged SCF energy = -930.145761741818
converged SCF energy = -930.183533333927
converged SCF energy = -930.542107904825
converged SCF energy = -930.713832581298
converged SCF energy = -927.420670198073
E(RCCSD) = -929.0515939039707  E_corr = -1.630923705897039
SVWN PBE 0.004388109113931017
SVWN PBE0 0.007274756170553289
SVWN B3LYP 0.007535157207167306
SVWN SCAN 0.007054078224197012
SVWN HF 0.020112659410596888
SVWN CCSD 0.009708900516475277
PBE PBE0 0.004676226621301862
PBE B3LYP 0.004193607355314982
PBE SCAN 0.004017104633175126
PBE HF 0.017946823781150503
PBE CCSD 0.007919341389740191
PBE0 B3LYP 0.003651450306369839
PBE0 SCAN 0.002514978862420419
PBE0 HF 0.013509537589594804
PBE0 CCSD 0.005447162422939936
B3LYP SCAN 0.0034110653703298055
B3LYP HF 0.014862500406662106
B3LYP CCSD 0.0066541766173979
SCAN HF 0.014475825814019277
SCAN CCSD 0.005719280594712462
HF CCSD 0.01217141048901343
converged SCF energy = -777.439294931778
converged SCF energy = -781.118263196405
converged SCF energy = -781.186636477921
converged SCF energy = -781.455541643193
converged SCF energy = -781.610682264223
converged SCF energy = -778.997706275734
E(RCCSD) = -780.2645725440797  E_corr = -1.266866268345129
SVWN PBE 0.00519417741733569
SVWN PBE0 0.007881516703627611
SVWN B3LYP 0.008219767515758182
SVWN SCAN 0.008079253346608193
SVWN HF 0.01988899378024377
SVWN CCSD 0.010730025726519538
PBE PBE0 0.0046387513975916644
PBE B3LYP 0.003949641262739298
PBE SCAN 0.004369282812240901
PBE HF 0.017082482099676537
PBE CCSD 0.008024333312661676
PBE0 B3LYP 0.004099086034352761
PBE0 SCAN 0.0022799668529655034
PBE0 HF 0.012762729249515832
PBE0 CCSD 0.005750834058048461
B3LYP SCAN 0.0038095800076420046
B3LYP HF 0.0144739441291833
B3LYP CCSD 0.006791192497890823
SCAN HF 0.01325680174715944
SCAN CCSD 0.005700804759206732
HF CCSD 0.010961773497621646
converged SCF energy = -1053.16998852029
converged SCF energy = -1058.38045168335
converged SCF energy = -1058.38978549354
converged SCF energy = -1058.8178778052
converged SCF energy = -1059.00926560338
converged SCF energy = -1055.16550789307
E(RCCSD) = -1057.077938315051  E_corr = -1.912430421981285
SVWN PBE 0.0038307829177271126
SVWN PBE0 0.006749972899764228
SVWN B3LYP 0.007006284651286244
SVWN SCAN 0.006131634111608385
SVWN HF 0.0196173939550403
SVWN CCSD 0.009133629039782275
PBE PBE0 0.004742048441859572
PBE B3LYP 0.004183378889348093
PBE SCAN 0.003663636738511877
PBE HF 0.01803689848954241
PBE CCSD 0.007961325195966085
PBE0 B3LYP 0.003509481294611328
PBE0 SCAN 0.0026023604935616292
PBE0 HF 0.013477027966916869
PBE0 CCSD 0.005278324533056309
B3LYP SCAN 0.003000458475294108
B3LYP HF 0.014881259286415515
B3LYP CCSD 0.006891115492789348
SCAN HF 0.014927020587003088
SCAN CCSD 0.005993797129544286
HF CCSD 0.012325184788492205
converged SCF energy = -2945.97632235204
converged SCF energy = -2951.73427025435
converged SCF energy = -2951.6603082343
converged SCF energy = -2952.0809368046
converged SCF energy = -2952.61994014136
converged SCF energy = -2947.90370432498
E(RCCSD) = -2949.255793861801  E_corr = -1.352089536824316
SVWN PBE 0.004046227198919666
SVWN PBE0 0.006330412851235242
SVWN B3LYP 0.006712393259693034
SVWN SCAN 0.0062093415588158635
SVWN HF 0.01634971801545381
SVWN CCSD 0.009031424288719494
PBE PBE0 0.0036599146728253534
PBE B3LYP 0.0033010508804329347
PBE SCAN 0.003180790283978572
PBE HF 0.013920779435386494
PBE CCSD 0.006936172310464184
PBE0 B3LYP 0.0031452531738147362
PBE0 SCAN 0.0020443304200161425
PBE0 HF 0.010528906986403868
PBE0 CCSD 0.005042262433146063
B3LYP SCAN 0.0025058629797171206
B3LYP HF 0.011641940919797028
B3LYP CCSD 0.006041863312736015
SCAN HF 0.011285097236080127
SCAN CCSD 0.005466507456579629
HF CCSD 0.009102171721897655
converged SCF energy = -397.341466285277
converged SCF energy = -400.033559611787
converged SCF energy = -400.067722243432
converged SCF energy = -400.278255246046
converged SCF energy = -400.355453545442
converged SCF energy = -398.237959232316
E(RCCSD) = -399.4600550257902  E_corr = -1.222095793474336
SVWN PBE 0.006157241870966424
SVWN PBE0 0.009006641135570963
SVWN B3LYP 0.009476181272151945
SVWN SCAN 0.00910694198962045
SVWN HF 0.020780760333280305
SVWN CCSD 0.011890706043304842
PBE PBE0 0.005208915508782986
PBE B3LYP 0.004073694282989698
PBE SCAN 0.004709067385960706
PBE HF 0.017444438913036528
PBE CCSD 0.008564868851707902
PBE0 B3LYP 0.0046908295563471225
PBE0 SCAN 0.0024427371676978516
PBE0 HF 0.012528497215745718
PBE0 CCSD 0.006185367303383363
B3LYP SCAN 0.0037974702342941395
B3LYP HF 0.01491939131908298
B3LYP CCSD 0.007600536011455814
SCAN HF 0.013464119678403658
SCAN CCSD 0.006476852955237173
HF CCSD 0.011059324384143764
converged SCF energy = -685.944630628556
converged SCF energy = -688.95859344978
converged SCF energy = -689.033422310991
converged SCF energy = -689.245046294659
converged SCF energy = -689.386634532023
converged SCF energy = -687.255345704526
E(RCCSD) = -688.2501489138859  E_corr = -0.9948032093611118
SVWN PBE 0.006033675407191731
SVWN PBE0 0.00843172596693059
SVWN B3LYP 0.009174972030021296
SVWN SCAN 0.009063245458059891
SVWN HF 0.01895072327143966
SVWN CCSD 0.011585410711007195
PBE PBE0 0.004223341438406009
PBE B3LYP 0.0035837364783066353
PBE SCAN 0.004458011662673483
PBE HF 0.015121389405321482
PBE CCSD 0.007793291112234907
PBE0 B3LYP 0.004327840182218752
PBE0 SCAN 0.0022037945993331615
PBE0 HF 0.011293404431605926
PBE0 CCSD 0.006023533468957881
B3LYP SCAN 0.003915581491914709
B3LYP HF 0.013070417224285667
B3LYP CCSD 0.006881119444819061
SCAN HF 0.011209340539866518
SCAN CCSD 0.005596407529917663
HF CCSD 0.009239648604236095
converged SCF energy = -2797.81751652876
converged SCF energy = -2802.69623245457
converged SCF energy = -2802.65220091246
converged SCF energy = -2802.98436268283
converged SCF energy = -2803.50474620236
converged SCF energy = -2799.47061548028
E(RCCSD) = -2800.458844209293  E_corr = -0.9882287290162943
SVWN PBE 0.004739114701659945
SVWN PBE0 0.006815288043630596
SVWN B3LYP 0.00710543260498596
SVWN SCAN 0.006975170811153076
SVWN HF 0.015577248221516439
SVWN CCSD 0.009954029772146187
PBE PBE0 0.003477939223570518
PBE B3LYP 0.0028423756262713584
PBE SCAN 0.003337470935521366
PBE HF 0.012434564883146433
PBE CCSD 0.006837700740179931
PBE0 B3LYP 0.0034113846696382758
PBE0 SCAN 0.0018843184016126464
PBE0 HF 0.00927596631827612
PBE0 CCSD 0.005205748467368167
B3LYP SCAN 0.002796402932522587
B3LYP HF 0.01077399550690121
B3LYP CCSD 0.006031542729972404
SCAN HF 0.009706246961759738
SCAN CCSD 0.005365090526249337
HF CCSD 0.007302943091272788
converged SCF energy = -777.429972543061
converged SCF energy = -781.109968501288
converged SCF energy = -781.177430692245
converged SCF energy = -781.446597515185
converged SCF energy = -781.601352256407
converged SCF energy = -778.986692971541
E(RCCSD) = -780.2553334047811  E_corr = -1.26864043324059
SVWN PBE 0.00522267522255099
SVWN PBE0 0.007914502709408335
SVWN B3LYP 0.008259418367515018
SVWN SCAN 0.008044557872805686
SVWN HF 0.019821866923034125
SVWN CCSD 0.010790418738247825
PBE PBE0 0.004609178671958372
PBE B3LYP 0.003948800476232938
PBE SCAN 0.00429449277896304
PBE HF 0.016964820923395907
PBE CCSD 0.008026379100110727
PBE0 B3LYP 0.00405255630764092
PBE0 SCAN 0.002312093915994754
PBE0 HF 0.012689248177272317
PBE0 CCSD 0.0057573052910708765
B3LYP SCAN 0.0038342566026543764
B3LYP HF 0.01436423076832533
B3LYP CCSD 0.006745596227300373
SCAN HF 0.013235463128785006
SCAN CCSD 0.005733209810492424
HF CCSD 0.010825524871881207
converged SCF energy = -399.552629833721
converged SCF energy = -402.3949505867
converged SCF energy = -402.413922541525
converged SCF energy = -402.647103821276
converged SCF energy = -402.706081564369
converged SCF energy = -400.587704101943
E(RCCSD) = -401.8071562020036  E_corr = -1.219452100061141
SVWN PBE 0.0051529583337170115
SVWN PBE0 0.008179067505130092
SVWN B3LYP 0.008431079681994727
SVWN SCAN 0.008339017008566742
SVWN HF 0.022483738228010045
SVWN CCSD 0.01048274999083158
PBE PBE0 0.005081240803800773
PBE B3LYP 0.004725872431336458
PBE SCAN 0.0046033875697539
PBE HF 0.01990938208138362
PBE CCSD 0.008331682702769499
PBE0 B3LYP 0.003715625883547076
PBE0 SCAN 0.0024156380653733932
PBE0 HF 0.015098020314200045
PBE0 CCSD 0.005995224778741685
B3LYP SCAN 0.0035267564927640776
B3LYP HF 0.016187435900052654
B3LYP CCSD 0.006424992250613883
SCAN HF 0.015871045750145935
SCAN CCSD 0.0060395512210022866
HF CCSD 0.014036591016428778
converged SCF energy = -2941.8168594139
converged SCF energy = -2947.71447898994
converged SCF energy = -2947.64862472222
converged SCF energy = -2948.07792810291
converged SCF energy = -2948.60970025878
converged SCF energy = -2943.8769356235
E(RCCSD) = -2945.253919745537  E_corr = -1.376984122030413
SVWN PBE 0.0034430428017975536
SVWN PBE0 0.005818806433560513
SVWN B3LYP 0.005520491802548197
SVWN SCAN 0.005372819796078163
SVWN HF 0.01641282325765711
SVWN CCSD 0.008339380634957164
PBE PBE0 0.004000860267346303
PBE B3LYP 0.003216634544685459
PBE SCAN 0.003206045727047483
PBE HF 0.014941497969212276
PBE CCSD 0.006884519894476033
PBE0 B3LYP 0.0029911015065032017
PBE0 SCAN 0.0020734782056083863
PBE0 HF 0.011114904798291216
PBE0 CCSD 0.004817306094747092
B3LYP SCAN 0.0027440354289972276
B3LYP HF 0.012648420673569338
B3LYP CCSD 0.005814975597161766
SCAN HF 0.012346526644180261
SCAN CCSD 0.005439304678155588
HF CCSD 0.00981908045605499
converged SCF energy = -3053.42462771143
converged SCF energy = -3059.91123386191
converged SCF energy = -3059.82378968735
converged SCF energy = -3060.31299142131
converged SCF energy = -3060.86424008254
converged SCF energy = -3055.62503771365
E(RCCSD) = -3057.267589849292  E_corr = -1.642552135645839
SVWN PBE 0.003397297749591533
SVWN PBE0 0.005904790774158025
SVWN B3LYP 0.005765537840229568
SVWN SCAN 0.005318478824615275
SVWN HF 0.016802785208247243
SVWN CCSD 0.008371624431483642
PBE PBE0 0.004091469151451572
PBE B3LYP 0.003402336914339233
PBE SCAN 0.0031355737764839895
PBE HF 0.015328654749391286
PBE CCSD 0.007058859294995687
PBE0 B3LYP 0.003006876002579563
PBE0 SCAN 0.002199174142508319
PBE0 HF 0.011401192444909246
PBE0 CCSD 0.004827700642495137
B3LYP SCAN 0.0025780278759082215
B3LYP HF 0.012826636700144733
B3LYP CCSD 0.006071490286839725
SCAN HF 0.01277585357661913
SCAN CCSD 0.0056200757277343385
HF CCSD 0.010201430755817477
converged SCF energy = -2742.90388596032
converged SCF energy = -2747.4080345697
converged SCF energy = -2747.36063815749
converged SCF energy = -2747.66534364193
converged SCF energy = -2748.17234365992
converged SCF energy = -2744.44231377611
E(RCCSD) = -2745.252332874769  E_corr = -0.810019098664041
SVWN PBE 0.004638625656554878
SVWN PBE0 0.006611853104781774
SVWN B3LYP 0.006925990057286303
SVWN SCAN 0.006882553416107552
SVWN HF 0.01496906381707933
SVWN CCSD 0.009809343199317238
PBE PBE0 0.003190727388507515
PBE B3LYP 0.0027159245172444745
PBE SCAN 0.003171175694773393
PBE HF 0.011759356244710856
PBE CCSD 0.0067285942677531305
PBE0 B3LYP 0.003153770682730213
PBE0 SCAN 0.0017980635579557314
PBE0 HF 0.008918137801114025
PBE0 CCSD 0.005226704080003487
B3LYP SCAN 0.002564497535654657
B3LYP HF 0.010165856214966571
B3LYP CCSD 0.0057886631534011775
SCAN HF 0.00917502644412241
SCAN CCSD 0.005295134474665118
HF CCSD 0.006748708657782389
converged SCF energy = -978.102281334644
converged SCF energy = -983.017209414299
converged SCF energy = -983.037529475408
converged SCF energy = -983.437073353378
converged SCF energy = -983.606536876509
converged SCF energy = -980.09262634242
E(RCCSD) = -981.8404067796242  E_corr = -1.747780437203682
SVWN PBE 0.0035035704455096705
SVWN PBE0 0.006498572289095837
SVWN B3LYP 0.006337315685342052
SVWN SCAN 0.005882328277333015
SVWN HF 0.019977432053776372
SVWN CCSD 0.008640053877246907
PBE PBE0 0.004827786348336401
PBE B3LYP 0.0041960372361089775
PBE SCAN 0.003788065570149478
PBE HF 0.01882476585621511
PBE CCSD 0.007770885508929428
PBE0 B3LYP 0.003254163312216664
PBE0 SCAN 0.0026095625663676136
PBE0 HF 0.014141781231449845
PBE0 CCSD 0.005070006577801729
B3LYP SCAN 0.0032191579641347996
B3LYP HF 0.015531187007629323
B3LYP CCSD 0.006379232877972197
SCAN HF 0.015608177925047994
SCAN CCSD 0.005647921966123107
HF CCSD 0.013042803060489615
converged SCF energy = -2834.37653441644
converged SCF energy = -2839.54547166459
converged SCF energy = -2839.49468678394
converged SCF energy = -2839.85512953614
converged SCF energy = -2840.37510289966
converged SCF energy = -2836.1691906388
E(RCCSD) = -2837.253101142729  E_corr = -1.08391050393248
SVWN PBE 0.004187725378760342
SVWN PBE0 0.006279866843600208
SVWN B3LYP 0.006470446813507615
SVWN SCAN 0.0063620050056841446
SVWN HF 0.015777019481826172
SVWN CCSD 0.009126974080292501
PBE PBE0 0.003492876715154027
PBE B3LYP 0.003003998151055095
PBE SCAN 0.003250329288106862
PBE HF 0.013255216936937595
PBE CCSD 0.006738018639417862
PBE0 B3LYP 0.0031621287488517733
PBE0 SCAN 0.0018480870228670288
PBE0 HF 0.010040180039917615
PBE0 CCSD 0.005113218634430669
B3LYP SCAN 0.0027509965956412454
B3LYP HF 0.011314836986494664
B3LYP CCSD 0.005777318990370608
SCAN HF 0.010563955897004526
SCAN CCSD 0.005292735664644794
HF CCSD 0.00844840585081279
converged SCF energy = -2742.89026519854
converged SCF energy = -2747.39453401657
converged SCF energy = -2747.34877329539
converged SCF energy = -2747.65296890654
converged SCF energy = -2748.15930452763
converged SCF energy = -2744.43294075833
E(RCCSD) = -2745.243689638547  E_corr = -0.8107488802170744
SVWN PBE 0.004648102757639617
SVWN PBE0 0.006533557056362261
SVWN B3LYP 0.006920595469160529
SVWN SCAN 0.006875123465262171
SVWN HF 0.01462377630926891
SVWN CCSD 0.009649625801907698
PBE PBE0 0.0030732645442267566
PBE B3LYP 0.0025976408095698474
PBE SCAN 0.003155515780906299
PBE HF 0.011360612710101338
PBE CCSD 0.0064733424013244025
PBE0 B3LYP 0.003150854897552008
PBE0 SCAN 0.001739961870876683
PBE0 HF 0.008612654042000971
PBE0 CCSD 0.005180419988666228
B3LYP SCAN 0.0025808669567187782
B3LYP HF 0.009886779156338649
B3LYP CCSD 0.00570499492406304
SCAN HF 0.008767572897141074
SCAN CCSD 0.005164921237338444
HF CCSD 0.006662682283100228
converged SCF energy = -793.403184941424
converged SCF energy = -797.142605837221
converged SCF energy = -797.205223406321
converged SCF energy = -797.483175417061
converged SCF energy = -797.63885869845
converged SCF energy = -794.984157450606
E(RCCSD) = -796.2685822514351  E_corr = -1.284424800829
SVWN PBE 0.004722008502024822
SVWN PBE0 0.0073116301489637445
SVWN B3LYP 0.007491241659833144
SVWN SCAN 0.007170127668217982
SVWN HF 0.01884014353806049
SVWN CCSD 0.010093229822645345
PBE PBE0 0.00462749637936418
PBE B3LYP 0.003744590809408311
PBE SCAN 0.004066905686735096
PBE HF 0.01663083129859328
PBE CCSD 0.007823168194383442
PBE0 B3LYP 0.003968258528232761
PBE0 SCAN 0.0023573863191947058
PBE0 HF 0.012260260410072426
PBE0 CCSD 0.005620081348506274
B3LYP SCAN 0.0037588741542169055
B3LYP HF 0.014218176223890464
B3LYP CCSD 0.006748926056330295
SCAN HF 0.013172866513742134
SCAN CCSD 0.005823851607345093
HF CCSD 0.010716877779748158
converged SCF energy = -490.587655597404
converged SCF energy = -493.786335016456
converged SCF energy = -493.786985121261
converged SCF energy = -494.05961772477
converged SCF energy = -494.140323914737
converged SCF energy = -491.648334543968
E(RCCSD) = -493.0517997202337  E_corr = -1.403465176266339
SVWN PBE 0.004968346710055133
SVWN PBE0 0.008028050365887385
SVWN B3LYP 0.008375006382010339
SVWN SCAN 0.007731615451517442
SVWN HF 0.021227155226417157
SVWN CCSD 0.010572169885997717
PBE PBE0 0.005130050778798651
PBE B3LYP 0.004465457688192986
PBE SCAN 0.0042640318918510155
PBE HF 0.018762625920937727
PBE CCSD 0.008511665745854874
PBE0 B3LYP 0.003906815797143534
PBE0 SCAN 0.0025954638139561075
PBE0 HF 0.013839052400468028
PBE0 CCSD 0.005931557993525046
B3LYP SCAN 0.0031399807460111154
B3LYP HF 0.015421506050181213
B3LYP CCSD 0.007210046691184686
SCAN HF 0.01514040758027509
SCAN CCSD 0.006582048915503828
HF CCSD 0.012778339098861849
converged SCF energy = -631.025259966214
converged SCF energy = -633.665551482327
converged SCF energy = -633.736988472557
converged SCF energy = -633.92135342874
converged SCF energy = -634.048954713558
converged SCF energy = -632.222599093558
E(RCCSD) = -633.0394036916942  E_corr = -0.8168045981365549
SVWN PBE 0.006061383575328977
SVWN PBE0 0.008366755093728587
SVWN B3LYP 0.009200328499896342
SVWN SCAN 0.00928700073012657
SVWN HF 0.018654785697216802
SVWN CCSD 0.011693852174917422
PBE PBE0 0.003927126566112698
PBE B3LYP 0.003507738057659231
PBE SCAN 0.004451565323988483
PBE HF 0.014588214426963127
PBE CCSD 0.007784894022540065
PBE0 B3LYP 0.00408075386091399
PBE0 SCAN 0.0021924655889729865
PBE0 HF 0.01109523301342561
PBE0 CCSD 0.0062020233112644665
B3LYP SCAN 0.003803875042958334
B3LYP HF 0.012544055192872907
B3LYP CCSD 0.0066475668642678514
SCAN HF 0.010667792072182271
SCAN CCSD 0.005556612967262528
HF CCSD 0.008794107390717263
converged SCF energy = -2836.75893885715
converged SCF energy = -2841.94949006736
converged SCF energy = -2841.91563057412
converged SCF energy = -2842.26386970323
converged SCF energy = -2842.79866527106
converged SCF energy = -2838.50099151285
E(RCCSD) = -2839.653706839249  E_corr = -1.152715326401482
SVWN PBE 0.005203104148776691
SVWN PBE0 0.007317376075366056
SVWN B3LYP 0.0079036395938636
SVWN SCAN 0.007664586226214415
SVWN HF 0.016281113822579938
SVWN CCSD 0.010390787302422986
PBE PBE0 0.0035686959091655035
PBE B3LYP 0.0031100093609423944
PBE SCAN 0.003514302708747614
PBE HF 0.012750322690610093
PBE CCSD 0.006957872866528076
PBE0 B3LYP 0.0037675284819987647
PBE0 SCAN 0.0018799202010625433
PBE0 HF 0.009573883911079117
PBE0 CCSD 0.005328018217958711
B3LYP SCAN 0.0030895175922606715
B3LYP HF 0.011026384856927049
B3LYP CCSD 0.006190890374310253
SCAN HF 0.009772220177406334
SCAN CCSD 0.005303159017313953
HF CCSD 0.007619649997722843
converged SCF energy = -722.506912505004
converged SCF energy = -725.813101102774
converged SCF energy = -725.87966790386
converged SCF energy = -726.12113225639
converged SCF energy = -726.260619972724
converged SCF energy = -723.957396464735
E(RCCSD) = -725.0453890170816  E_corr = -1.087992552346597
SVWN PBE 0.005182390826468237
SVWN PBE0 0.007709007070315139
SVWN B3LYP 0.008126625714508121
SVWN SCAN 0.008142248035888347
SVWN HF 0.019390234251880877
SVWN CCSD 0.010532864373309999
PBE PBE0 0.0043274373210631855
PBE B3LYP 0.0038113991933655662
PBE SCAN 0.00431942001262536
PBE HF 0.016455757041313395
PBE CCSD 0.007761190012454613
PBE0 B3LYP 0.0038453496043070285
PBE0 SCAN 0.002276512501316974
PBE0 HF 0.012459863122606794
PBE0 CCSD 0.005829196019000896
B3LYP SCAN 0.003686561898595736
B3LYP HF 0.013937685205231464
B3LYP CCSD 0.006495961325175564
SCAN HF 0.01268392646506404
SCAN CCSD 0.005524634273477571
HF CCSD 0.010723681876342305
converged SCF energy = -566.083624604413
converged SCF energy = -569.889164774069
converged SCF energy = -569.890037002067
converged SCF energy = -570.209984317438
converged SCF energy = -570.302385122955
converged SCF energy = -567.373553455189
E(RCCSD) = -569.0348921993223  E_corr = -1.661338744133108
SVWN PBE 0.004881131540875465
SVWN PBE0 0.00798027471582551
SVWN B3LYP 0.008332611083156912
SVWN SCAN 0.007735863928550888
SVWN HF 0.02192896459311108
SVWN CCSD 0.010276852237202478
PBE PBE0 0.005145331243840424
PBE B3LYP 0.004651558411807804
PBE SCAN 0.004263221909121566
PBE HF 0.019579336669654945
PBE CCSD 0.008406483514560154
PBE0 B3LYP 0.0038310996750469126
PBE0 SCAN 0.002664016855273226
PBE0 HF 0.014658388522228925
PBE0 CCSD 0.005811458451667385
B3LYP SCAN 0.0033151275731388295
B3LYP HF 0.015930483340698385
B3LYP CCSD 0.006888273653096424
SCAN HF 0.01588578167902276
SCAN CCSD 0.006373670310319045
HF CCSD 0.01366366868285459
converged SCF energy = -363.000560466635
converged SCF energy = -365.550295942313
converged SCF energy = -365.577444267141
converged SCF energy = -365.780419366718
converged SCF energy = -365.841954523832
converged SCF energy = -363.89541713981
E(RCCSD) = -365.0199175009627  E_corr = -1.124500361152932
SVWN PBE 0.006009767290073876
SVWN PBE0 0.008993100010592071
SVWN B3LYP 0.009515896220815678
SVWN SCAN 0.009257428895777561
SVWN HF 0.02219067070659669
SVWN CCSD 0.011669080878298701
PBE PBE0 0.005095841774839946
PBE B3LYP 0.0046037699068313155
PBE SCAN 0.0046976149451502846
PBE HF 0.01881764120540062
PBE CCSD 0.008617619760429412
PBE0 B3LYP 0.004170443771886737
PBE0 SCAN 0.0025344397559488754
PBE0 HF 0.014088695336987828
PBE0 CCSD 0.006364710999955669
B3LYP SCAN 0.0037522268076870435
B3LYP HF 0.01546593556499088
B3LYP CCSD 0.006868049694634981
SCAN HF 0.014735902749845563
SCAN CCSD 0.00643274871409482
HF CCSD 0.012610443601313578
converged SCF energy = -378.993307267566
converged SCF energy = -381.601663160245
converged SCF energy = -381.6240796433
converged SCF energy = -381.836273371724
converged SCF energy = -381.899045857528
converged SCF energy = -379.911613848647
E(RCCSD) = -381.0500436305321  E_corr = -1.138429781885264
SVWN PBE 0.005321233197196754
SVWN PBE0 0.0082300424863944
SVWN B3LYP 0.008469531670561133
SVWN SCAN 0.008258711493381119
SVWN HF 0.021205076222392275
SVWN CCSD 0.010875676969730094
PBE PBE0 0.005139803800530841
PBE B3LYP 0.004305494505889964
PBE SCAN 0.0045622005918036935
PBE HF 0.0186263864182811
PBE CCSD 0.00848300770362995
PBE0 B3LYP 0.004067895153722247
PBE0 SCAN 0.0023622202360943883
PBE0 HF 0.013745235582444199
PBE0 CCSD 0.006155612527510394
B3LYP SCAN 0.003550256813983229
B3LYP HF 0.015546212805140937
B3LYP CCSD 0.0070422284401688824
SCAN HF 0.014734804010705774
SCAN CCSD 0.006486154095490614
HF CCSD 0.012553489207605536
converged SCF energy = -1014.63658405385
converged SCF energy = -1019.84417670409
converged SCF energy = -1019.85356659532
converged SCF energy = -1020.28358548795
converged SCF energy = -1020.45096744064
converged SCF energy = -1016.75835554208
E(RCCSD) = -1018.607721103598  E_corr = -1.849365561514688
SVWN PBE 0.0031003969255979395
SVWN PBE0 0.006191273373234819
SVWN B3LYP 0.005867382170801481
SVWN SCAN 0.005444404836498824
SVWN HF 0.02035018115929653
SVWN CCSD 0.008145491372814711
PBE PBE0 0.004897834908070643
PBE B3LYP 0.004347697536712731
PBE SCAN 0.0037007204943056995
PBE HF 0.01960572656084454
PBE CCSD 0.007731922685437263
PBE0 B3LYP 0.0030292977603516742
PBE0 SCAN 0.0026492427480262187
PBE0 HF 0.01482393707994616
PBE0 CCSD 0.00486244199150198
B3LYP SCAN 0.0031796432965791235
B3LYP HF 0.016041467231066815
B3LYP CCSD 0.006079729887708047
SCAN HF 0.01642459382242456
SCAN CCSD 0.00549035816083451
HF CCSD 0.013816755135022842
converged SCF energy = -3089.96387086371
converged SCF energy = -3096.743203906
converged SCF energy = -3096.64597985382
converged SCF energy = -3097.1654103499
converged SCF energy = -3097.713762533
converged SCF energy = -3092.29892562455
E(RCCSD) = -3094.040638804219  E_corr = -1.741713179666042
SVWN PBE 0.003023954645781045
SVWN PBE0 0.005624903367401647
SVWN B3LYP 0.005387663651391844
SVWN SCAN 0.005008777649713913
SVWN HF 0.017174272958196735
SVWN CCSD 0.0078976936021546
PBE PBE0 0.004137784148456065
PBE B3LYP 0.0035494549697817363
PBE SCAN 0.003154829725343714
PBE HF 0.01606169660173972
PBE CCSD 0.006981650880250955
PBE0 B3LYP 0.0028226217021991417
PBE0 SCAN 0.0022183349175238527
PBE0 HF 0.012062318106706169
PBE0 CCSD 0.004645747465886546
B3LYP SCAN 0.0025304303750532755
B3LYP HF 0.013316094274057189
B3LYP CCSD 0.00585425276785986
SCAN HF 0.013471505403189065
SCAN CCSD 0.005441678131245164
HF CCSD 0.011039475459652719
converged SCF energy = -738.493618189296
converged SCF energy = -741.857278116793
converged SCF energy = -741.915948749346
converged SCF energy = -742.16712299377
converged SCF energy = -742.309523660212
converged SCF energy = -739.956691217434
E(RCCSD) = -741.0615631279475  E_corr = -1.10487191051379
SVWN PBE 0.004527288364598232
SVWN PBE0 0.007176385305220827
SVWN B3LYP 0.007290174981097177
SVWN SCAN 0.007215260688907092
SVWN HF 0.018926143685039608
SVWN CCSD 0.010071647275831647
PBE PBE0 0.004550787457142125
PBE B3LYP 0.0037262702798918205
PBE SCAN 0.00413792896220789
PBE HF 0.0167441727640301
PBE CCSD 0.007936014430732117
PBE0 B3LYP 0.003787338929381164
PBE0 SCAN 0.0022128520420539467
PBE0 HF 0.012450989934748313
PBE0 CCSD 0.005648780889534218
B3LYP SCAN 0.0034986681554521324
B3LYP HF 0.014252507480328072
B3LYP CCSD 0.006716926735216415
SCAN HF 0.01311028079724005
SCAN CCSD 0.0057131390727958396
HF CCSD 0.010701409991616015
converged SCF energy = -638.734211042052
converged SCF energy = -642.81647865961
converged SCF energy = -642.785215324657
converged SCF energy = -643.148613674931
converged SCF energy = -643.245370673156
converged SCF energy = -640.072105098923
E(RCCSD) = -641.8384644424793  E_corr = -1.766359343556114
SVWN PBE 0.004097601461497732
SVWN PBE0 0.007407117662078466
SVWN B3LYP 0.007595586253426898
SVWN SCAN 0.006757392211214671
SVWN HF 0.02166702663429364
SVWN CCSD 0.009660053573749624
PBE PBE0 0.005231580169820173
PBE B3LYP 0.004684936868272265
PBE SCAN 0.003946342347989975
PBE HF 0.019921510605661247
PBE CCSD 0.00845796971528999
PBE0 B3LYP 0.0034525465040430117
PBE0 SCAN 0.0028117122201992244
PBE0 HF 0.014842059151972963
PBE0 CCSD 0.00557373165167515
B3LYP SCAN 0.002701452585191529
B3LYP HF 0.01610640522887107
B3LYP CCSD 0.0070634383953879585
SCAN HF 0.016556850767146594
SCAN CCSD 0.0065274365236324605
HF CCSD 0.014023910570091468
converged SCF energy = -777.439484412826
converged SCF energy = -781.118694146921
converged SCF energy = -781.187287155572
converged SCF energy = -781.455903474115
converged SCF energy = -781.611470919406
converged SCF energy = -778.998699954267
E(RCCSD) = -780.2653004005073  E_corr = -1.266600446240151
SVWN PBE 0.00520829290784342
SVWN PBE0 0.007864106309672016
SVWN B3LYP 0.008225496494513108
SVWN SCAN 0.008042847647880304
SVWN HF 0.019754099626513928
SVWN CCSD 0.01071772713856527
PBE PBE0 0.00461097911152634
PBE B3LYP 0.003946296178956693
PBE SCAN 0.004327338505180889
PBE HF 0.016943007486454973
PBE CCSD 0.008009589006527448
PBE0 B3LYP 0.004094916399022552
PBE0 SCAN 0.002316350390304553
PBE0 HF 0.012654638641393611
PBE0 CCSD 0.005768679205805363
B3LYP SCAN 0.0038517217539712984
B3LYP HF 0.014358832480697406
B3LYP CCSD 0.006737369995794435
SCAN HF 0.013168017070524873
SCAN CCSD 0.0057378906700283625
HF CCSD 0.010869771391437135
converged SCF energy = -1037.19732725291
converged SCF energy = -1042.34611463791
converged SCF energy = -1042.36236053073
converged SCF energy = -1042.78038468347
converged SCF energy = -1042.97185902648
converged SCF energy = -1039.17152846421
E(RCCSD) = -1041.067800011872  E_corr = -1.896271547662012
SVWN PBE 0.0042518237264910835
SVWN PBE0 0.007214817657885516
SVWN B3LYP 0.007660320744195285
SVWN SCAN 0.006834056296519854
SVWN HF 0.020260844917778315
SVWN CCSD 0.009620682585192171
PBE PBE0 0.004682304698733724
PBE B3LYP 0.0043252755445209855
PBE SCAN 0.0038527800451221886
PBE HF 0.018101154685830477
PBE CCSD 0.007994294202851904
PBE0 B3LYP 0.0036193287881747405
PBE0 SCAN 0.0025808143271997858
PBE0 HF 0.013646861732892377
PBE0 CCSD 0.0053843639766149596
B3LYP SCAN 0.0031123156020947543
B3LYP HF 0.01480803667412804
B3LYP CCSD 0.006840211675317736
SCAN HF 0.014763503257147802
SCAN CCSD 0.0058886444031181
HF CCSD 0.012406652067370297
converged SCF energy = -378.977348575169
converged SCF energy = -381.587503205358
converged SCF energy = -381.609097065524
converged SCF energy = -381.822117531273
converged SCF energy = -381.883534925179
converged SCF energy = -379.896366653827
E(RCCSD) = -381.0362685373451  E_corr = -1.139901883518101
SVWN PBE 0.005288907372781252
SVWN PBE0 0.008306817273221837
SVWN B3LYP 0.008438863156251298
SVWN SCAN 0.008333173977847112
SVWN HF 0.021518524197342945
SVWN CCSD 0.010878579111440528
PBE PBE0 0.005273733651816949
PBE B3LYP 0.00435702899066678
PBE SCAN 0.004673969960268341
PBE HF 0.01895717054678346
PBE CCSD 0.00846178102197046
PBE0 B3LYP 0.004060901690742957
PBE0 SCAN 0.002471312479451282
PBE0 HF 0.013920047993854505
PBE0 CCSD 0.006086026027450934
B3LYP SCAN 0.0035214337968413234
B3LYP HF 0.015810310926494694
B3LYP CCSD 0.0070771555049699885
SCAN HF 0.014961785559007049
SCAN CCSD 0.006386959810740161
HF CCSD 0.012786789242200551
converged SCF energy = -2907.032837524
converged SCF energy = -2912.47822198132
converged SCF energy = -2912.39633334102
converged SCF energy = -2912.80036865767
converged SCF energy = -2913.32403854749
converged SCF energy = -2908.87760129625
E(RCCSD) = -2910.06315950515  E_corr = -1.185558208898628
SVWN PBE 0.003458833495310945
SVWN PBE0 0.005787288297169276
SVWN B3LYP 0.005835696549698211
SVWN SCAN 0.005440039288321388
SVWN HF 0.015658129678870623
SVWN CCSD 0.008457545325290645
PBE PBE0 0.003588947626280064
PBE B3LYP 0.003046997651207464
PBE SCAN 0.002966463457845627
PBE HF 0.01367798925305672
PBE CCSD 0.006694526179274487
PBE0 B3LYP 0.0027649635247834485
PBE0 SCAN 0.002030966781587022
PBE0 HF 0.010260090975227837
PBE0 CCSD 0.004815514688023396
B3LYP SCAN 0.0021989369048870206
B3LYP HF 0.011471215537313952
B3LYP CCSD 0.005847129677133022
SCAN HF 0.011279520173771597
SCAN CCSD 0.005409831206039807
HF CCSD 0.008909003832946016
converged SCF energy = -775.030507970013
converged SCF energy = -778.689727200213
converged SCF energy = -778.73985734044
converged SCF energy = -779.021659602247
converged SCF energy = -779.159508826423
converged SCF energy = -776.637501865676
E(RCCSD) = -777.8398134417548  E_corr = -1.202311576078768
SVWN PBE 0.0039303653886573805
SVWN PBE0 0.006658780510683933
SVWN B3LYP 0.006499683521055039
SVWN SCAN 0.006472592742682922
SVWN HF 0.019341799710877277
SVWN CCSD 0.009151249712569908
PBE PBE0 0.004593962000451977
PBE B3LYP 0.0038690137406535005
PBE SCAN 0.003999311161288926
PBE HF 0.017771263162468826
PBE CCSD 0.00768582650863385
PBE0 B3LYP 0.0033164797408622346
PBE0 SCAN 0.0023955921534287725
PBE0 HF 0.013369171842779604
PBE0 CCSD 0.005368922876218373
B3LYP SCAN 0.0034353455534514203
B3LYP HF 0.014910510204430223
B3LYP CCSD 0.006211540234995696
SCAN HF 0.01433264016224544
SCAN CCSD 0.005513652558264817
HF CCSD 0.0119877370552883
converged SCF energy = -3037.45001763668
converged SCF energy = -3043.87605625467
converged SCF energy = -3043.79731787648
converged SCF energy = -3044.27569145258
converged SCF energy = -3044.82616744482
converged SCF energy = -3039.63474723047
